Overriding config with config/train_gpt2.py:
# config for training GPT-2 (124M) down to very nice loss of ~2.85 on 1 node of 8X A100 40GB
# launch as the following (e.g. in a screen session) and wait ~5 days:
# $ torchrun --standalone --nproc_per_node=8 train.py config/train_gpt2.py

wandb_log = True
wandb_project = 'CS182-final-project'
wandb_run_name='gpt2-124M'

# these make the total batch size be ~0.5M
# each encryption key has 1024 plaintext/ciphertext pairs
# 256 batch size * 2048 block size * 1 gradient_accumulation_steps = 524,288
batch_size = 256
block_size = 2048
gradient_accumulation_steps = 1

# this makes total number of tokens be ~21M, with ~10M input/output pairs
max_iters = 1000
lr_decay_iters = 1000

# eval stuff
eval_interval = 100
eval_iters = 50
log_interval = 1

# weight decay
weight_decay = 1e-1

Overriding: wandb_log = False
Overriding: wandb_run_name = lr-1e-3
Overriding: learning_rate = 0.001
tokens per iteration will be: 524,288
Using vocab size of 28 (a-z + separators)
/pscratch/sd/a/adityat/CS182-project/train.py:259: FutureWarning: `torch.cuda.amp.GradScaler(args...)` is deprecated. Please use `torch.amp.GradScaler('cuda', args...)` instead.
  scaler = torch.cuda.amp.GradScaler(enabled=(dtype == 'float16'))
Initializing a new model from scratch
number of parameters: 6.30M
num decayed parameter tensors: 34, with 6,822,912 parameters
num non-decayed parameter tensors: 17, with 4,352 parameters
using fused AdamW: True
compiling the model... (takes a ~minute)
step 0: train loss 2.1788, val loss 2.1791
iter 0: loss 2.1781, time 63663.72ms, mfu -100.00%
iter 1: loss 2.1693, time 291.19ms, mfu -100.00%
iter 2: loss 2.1474, time 520.14ms, mfu -100.00%
iter 3: loss 2.1148, time 513.79ms, mfu -100.00%
iter 4: loss 2.0735, time 511.50ms, mfu -100.00%
iter 5: loss 2.0224, time 516.25ms, mfu 28.69%
iter 6: loss 1.9641, time 512.69ms, mfu 28.71%
iter 7: loss 1.9000, time 516.64ms, mfu 28.71%
iter 8: loss 1.8300, time 522.30ms, mfu 28.67%
iter 9: loss 1.7602, time 517.18ms, mfu 28.67%
iter 10: loss 1.6855, time 519.09ms, mfu 28.66%
iter 11: loss 1.6103, time 514.20ms, mfu 28.67%
iter 12: loss 1.5382, time 512.31ms, mfu 28.70%
iter 13: loss 1.4614, time 520.00ms, mfu 28.68%
iter 14: loss 1.3852, time 517.06ms, mfu 28.67%
iter 15: loss 1.3088, time 519.06ms, mfu 28.66%
iter 16: loss 1.2334, time 520.51ms, mfu 28.64%
iter 17: loss 1.1599, time 516.33ms, mfu 28.64%
iter 18: loss 1.0880, time 520.67ms, mfu 28.62%
iter 19: loss 1.0156, time 521.30ms, mfu 28.60%
iter 20: loss 0.9498, time 515.48ms, mfu 28.62%
iter 21: loss 0.8864, time 517.14ms, mfu 28.62%
iter 22: loss 0.8264, time 511.56ms, mfu 28.65%
iter 23: loss 0.7682, time 514.80ms, mfu 28.67%
iter 24: loss 0.7155, time 523.15ms, mfu 28.63%
iter 25: loss 0.6668, time 517.49ms, mfu 28.63%
iter 26: loss 0.6181, time 519.45ms, mfu 28.62%
iter 27: loss 0.5756, time 515.40ms, mfu 28.63%
iter 28: loss 0.5367, time 516.37ms, mfu 28.64%
iter 29: loss 0.4978, time 525.58ms, mfu 28.59%
iter 30: loss 0.4646, time 516.08ms, mfu 28.60%
iter 31: loss 0.4334, time 518.67ms, mfu 28.60%
iter 32: loss 0.4029, time 512.28ms, mfu 28.63%
iter 33: loss 0.3777, time 521.34ms, mfu 28.61%
iter 34: loss 0.3535, time 514.06ms, mfu 28.63%
iter 35: loss 0.3343, time 520.54ms, mfu 28.61%
iter 36: loss 0.3112, time 516.34ms, mfu 28.62%
iter 37: loss 0.2930, time 515.33ms, mfu 28.63%
iter 38: loss 0.2766, time 518.32ms, mfu 28.63%
iter 39: loss 0.2617, time 517.30ms, mfu 28.63%
iter 40: loss 0.2483, time 517.84ms, mfu 28.62%
iter 41: loss 0.2360, time 519.91ms, mfu 28.61%
iter 42: loss 0.2243, time 516.00ms, mfu 28.62%
iter 43: loss 0.2148, time 522.54ms, mfu 28.59%
iter 44: loss 0.2057, time 515.68ms, mfu 28.61%
iter 45: loss 0.1982, time 535.05ms, mfu 28.51%
iter 46: loss 0.1904, time 518.37ms, mfu 28.52%
iter 47: loss 0.1843, time 534.11ms, mfu 28.44%
iter 48: loss 0.1781, time 520.24ms, mfu 28.45%
iter 49: loss 0.1726, time 518.70ms, mfu 28.46%
iter 50: loss 0.1677, time 522.83ms, mfu 28.44%
iter 51: loss 0.1640, time 518.38ms, mfu 28.46%
iter 52: loss 0.1596, time 514.51ms, mfu 28.49%
iter 53: loss 0.1561, time 511.64ms, mfu 28.54%
iter 54: loss 0.1526, time 512.99ms, mfu 28.57%
iter 55: loss 0.1499, time 529.20ms, mfu 28.51%
iter 56: loss 0.1463, time 514.68ms, mfu 28.54%
iter 57: loss 0.1437, time 518.22ms, mfu 28.54%
iter 58: loss 0.1412, time 524.97ms, mfu 28.51%
iter 59: loss 0.1392, time 520.54ms, mfu 28.51%
iter 60: loss 0.1368, time 519.38ms, mfu 28.51%
iter 61: loss 0.1346, time 516.26ms, mfu 28.53%
iter 62: loss 0.1324, time 517.52ms, mfu 28.54%
iter 63: loss 0.1304, time 516.39ms, mfu 28.55%
iter 64: loss 0.1288, time 514.61ms, mfu 28.57%
iter 65: loss 0.1267, time 516.53ms, mfu 28.58%
iter 66: loss 0.1247, time 516.33ms, mfu 28.59%
iter 67: loss 0.1235, time 516.13ms, mfu 28.60%
iter 68: loss 0.1219, time 522.68ms, mfu 28.58%
iter 69: loss 0.1202, time 518.71ms, mfu 28.58%
iter 70: loss 0.1187, time 515.68ms, mfu 28.59%
iter 71: loss 0.1173, time 522.42ms, mfu 28.57%
iter 72: loss 0.1159, time 515.53ms, mfu 28.58%
iter 73: loss 0.1144, time 517.67ms, mfu 28.59%
iter 74: loss 0.1130, time 514.65ms, mfu 28.61%
iter 75: loss 0.1118, time 516.13ms, mfu 28.62%
iter 76: loss 0.1106, time 511.23ms, mfu 28.65%
iter 77: loss 0.1093, time 517.51ms, mfu 28.65%
iter 78: loss 0.1081, time 516.39ms, mfu 28.65%
iter 79: loss 0.1070, time 528.38ms, mfu 28.59%
iter 80: loss 0.1056, time 516.63ms, mfu 28.60%
iter 81: loss 0.1046, time 513.78ms, mfu 28.62%
iter 82: loss 0.1033, time 521.61ms, mfu 28.60%
iter 83: loss 0.1023, time 528.94ms, mfu 28.54%
iter 84: loss 0.1013, time 518.48ms, mfu 28.54%
iter 85: loss 0.1001, time 516.18ms, mfu 28.56%
iter 86: loss 0.0990, time 521.35ms, mfu 28.54%
iter 87: loss 0.0979, time 514.59ms, mfu 28.57%
iter 88: loss 0.0969, time 520.53ms, mfu 28.56%
iter 89: loss 0.0960, time 525.77ms, mfu 28.52%
iter 90: loss 0.0948, time 512.79ms, mfu 28.56%
iter 91: loss 0.0939, time 520.34ms, mfu 28.55%
iter 92: loss 0.0928, time 519.17ms, mfu 28.54%
iter 93: loss 0.0919, time 516.11ms, mfu 28.56%
iter 94: loss 0.0908, time 517.53ms, mfu 28.57%
iter 95: loss 0.0897, time 516.09ms, mfu 28.58%
iter 96: loss 0.0889, time 514.57ms, mfu 28.60%
iter 97: loss 0.0879, time 516.09ms, mfu 28.61%
iter 98: loss 0.0869, time 518.45ms, mfu 28.61%
iter 99: loss 0.0859, time 515.72ms, mfu 28.62%
step 100: train loss 0.0850, val loss 0.0850
iter 100: loss 0.0850, time 34228.99ms, mfu 25.80%
iter 101: loss 0.0840, time 513.73ms, mfu 26.10%
iter 102: loss 0.0832, time 515.77ms, mfu 26.36%
iter 103: loss 0.0822, time 514.66ms, mfu 26.61%
iter 104: loss 0.0813, time 513.27ms, mfu 26.83%
iter 105: loss 0.0805, time 518.73ms, mfu 27.00%
iter 106: loss 0.0795, time 519.27ms, mfu 27.16%
iter 107: loss 0.0786, time 516.94ms, mfu 27.31%
iter 108: loss 0.0777, time 516.77ms, mfu 27.44%
iter 109: loss 0.0768, time 516.12ms, mfu 27.57%
iter 110: loss 0.0758, time 514.84ms, mfu 27.69%
iter 111: loss 0.0750, time 517.78ms, mfu 27.78%
iter 112: loss 0.0743, time 511.14ms, mfu 27.90%
iter 113: loss 0.0734, time 517.22ms, mfu 27.97%
iter 114: loss 0.0725, time 514.21ms, mfu 28.06%
iter 115: loss 0.0716, time 517.49ms, mfu 28.11%
iter 116: loss 0.0707, time 516.63ms, mfu 28.17%
iter 117: loss 0.0698, time 515.82ms, mfu 28.22%
iter 118: loss 0.0690, time 516.44ms, mfu 28.27%
iter 119: loss 0.0683, time 517.64ms, mfu 28.30%
iter 120: loss 0.0674, time 515.88ms, mfu 28.35%
iter 121: loss 0.0666, time 518.85ms, mfu 28.37%
iter 122: loss 0.0658, time 513.91ms, mfu 28.41%
iter 123: loss 0.0650, time 515.53ms, mfu 28.44%
iter 124: loss 0.0643, time 513.71ms, mfu 28.48%
iter 125: loss 0.0633, time 515.42ms, mfu 28.51%
iter 126: loss 0.0626, time 520.52ms, mfu 28.50%
iter 127: loss 0.0618, time 512.67ms, mfu 28.54%
iter 128: loss 0.0610, time 521.42ms, mfu 28.53%
iter 129: loss 0.0604, time 513.73ms, mfu 28.56%
iter 130: loss 0.0595, time 514.73ms, mfu 28.58%
iter 131: loss 0.0588, time 510.63ms, mfu 28.62%
iter 132: loss 0.0580, time 518.71ms, mfu 28.62%
iter 133: loss 0.0571, time 517.17ms, mfu 28.62%
iter 134: loss 0.0566, time 523.63ms, mfu 28.59%
iter 135: loss 0.0557, time 595.99ms, mfu 28.21%
iter 136: loss 0.0550, time 514.49ms, mfu 28.27%
iter 137: loss 0.0543, time 516.12ms, mfu 28.31%
iter 138: loss 0.0535, time 517.58ms, mfu 28.34%
iter 139: loss 0.0529, time 515.91ms, mfu 28.38%
iter 140: loss 0.0520, time 522.81ms, mfu 28.38%
iter 141: loss 0.0515, time 520.04ms, mfu 28.39%
iter 142: loss 0.0508, time 510.82ms, mfu 28.45%
iter 143: loss 0.0501, time 518.78ms, mfu 28.46%
iter 144: loss 0.0493, time 515.45ms, mfu 28.49%
iter 145: loss 0.0488, time 516.62ms, mfu 28.51%
iter 146: loss 0.0480, time 512.00ms, mfu 28.55%
iter 147: loss 0.0473, time 512.59ms, mfu 28.58%
iter 148: loss 0.0466, time 515.58ms, mfu 28.60%
iter 149: loss 0.0460, time 515.36ms, mfu 28.61%
iter 150: loss 0.0454, time 515.97ms, mfu 28.62%
iter 151: loss 0.0447, time 517.36ms, mfu 28.62%
iter 152: loss 0.0442, time 516.72ms, mfu 28.63%
iter 153: loss 0.0435, time 515.23ms, mfu 28.64%
iter 154: loss 0.0429, time 514.05ms, mfu 28.66%
iter 155: loss 0.0421, time 514.60ms, mfu 28.67%
iter 156: loss 0.0418, time 512.28ms, mfu 28.69%
iter 157: loss 0.0410, time 516.85ms, mfu 28.69%
iter 158: loss 0.0404, time 516.94ms, mfu 28.69%
iter 159: loss 0.0399, time 513.32ms, mfu 28.70%
iter 160: loss 0.0393, time 515.92ms, mfu 28.70%
iter 161: loss 0.0387, time 518.03ms, mfu 28.69%
iter 162: loss 0.0382, time 512.64ms, mfu 28.71%
iter 163: loss 0.0376, time 514.24ms, mfu 28.72%
iter 164: loss 0.0371, time 512.19ms, mfu 28.74%
iter 165: loss 0.0364, time 514.16ms, mfu 28.75%
iter 166: loss 0.0360, time 515.70ms, mfu 28.75%
iter 167: loss 0.0354, time 508.99ms, mfu 28.78%
iter 168: loss 0.0350, time 510.34ms, mfu 28.81%
iter 169: loss 0.0344, time 516.25ms, mfu 28.80%
iter 170: loss 0.0338, time 513.62ms, mfu 28.80%
iter 171: loss 0.0332, time 516.41ms, mfu 28.79%
iter 172: loss 0.0327, time 513.32ms, mfu 28.80%
iter 173: loss 0.0323, time 512.25ms, mfu 28.81%
iter 174: loss 0.0318, time 511.91ms, mfu 28.82%
iter 175: loss 0.0313, time 516.80ms, mfu 28.80%
iter 176: loss 0.0307, time 511.28ms, mfu 28.82%
iter 177: loss 0.0303, time 508.67ms, mfu 28.85%
iter 178: loss 0.0298, time 514.97ms, mfu 28.84%
iter 179: loss 0.0295, time 509.47ms, mfu 28.87%
iter 180: loss 0.0290, time 512.33ms, mfu 28.87%
iter 181: loss 0.0285, time 520.10ms, mfu 28.83%
iter 182: loss 0.0280, time 516.74ms, mfu 28.81%
iter 183: loss 0.0277, time 515.28ms, mfu 28.81%
iter 184: loss 0.0272, time 509.21ms, mfu 28.84%
iter 185: loss 0.0268, time 514.28ms, mfu 28.83%
iter 186: loss 0.0262, time 513.72ms, mfu 28.83%
iter 187: loss 0.0259, time 514.16ms, mfu 28.83%
iter 188: loss 0.0255, time 516.32ms, mfu 28.82%
iter 189: loss 0.0251, time 511.13ms, mfu 28.83%
iter 190: loss 0.0248, time 511.87ms, mfu 28.84%
iter 191: loss 0.0244, time 515.07ms, mfu 28.83%
iter 192: loss 0.0240, time 514.02ms, mfu 28.83%
iter 193: loss 0.0235, time 509.13ms, mfu 28.86%
iter 194: loss 0.0232, time 509.72ms, mfu 28.88%
iter 195: loss 0.0227, time 514.71ms, mfu 28.87%
iter 196: loss 0.0224, time 510.11ms, mfu 28.89%
iter 197: loss 0.0220, time 507.65ms, mfu 28.92%
iter 198: loss 0.0217, time 510.32ms, mfu 28.93%
iter 199: loss 0.0214, time 510.48ms, mfu 28.94%
step 200: train loss 0.0209, val loss 0.0209
iter 200: loss 0.0210, time 34155.66ms, mfu 26.09%
iter 201: loss 0.0207, time 513.38ms, mfu 26.36%
iter 202: loss 0.0203, time 517.35ms, mfu 26.59%
iter 203: loss 0.0201, time 514.27ms, mfu 26.81%
iter 204: loss 0.0196, time 513.33ms, mfu 27.02%
iter 205: loss 0.0193, time 512.49ms, mfu 27.20%
iter 206: loss 0.0190, time 519.92ms, mfu 27.33%
iter 207: loss 0.0187, time 512.57ms, mfu 27.49%
iter 208: loss 0.0184, time 511.55ms, mfu 27.64%
iter 209: loss 0.0181, time 515.67ms, mfu 27.74%
iter 210: loss 0.0178, time 515.43ms, mfu 27.84%
iter 211: loss 0.0175, time 512.74ms, mfu 27.95%
iter 212: loss 0.0172, time 512.79ms, mfu 28.04%
iter 213: loss 0.0169, time 510.76ms, mfu 28.14%
iter 214: loss 0.0167, time 509.97ms, mfu 28.23%
iter 215: loss 0.0163, time 516.88ms, mfu 28.27%
iter 216: loss 0.0162, time 517.16ms, mfu 28.31%
iter 217: loss 0.0158, time 515.05ms, mfu 28.35%
iter 218: loss 0.0156, time 510.83ms, mfu 28.42%
iter 219: loss 0.0154, time 516.40ms, mfu 28.45%
iter 220: loss 0.0151, time 514.82ms, mfu 28.48%
iter 221: loss 0.0149, time 515.59ms, mfu 28.50%
iter 222: loss 0.0146, time 509.63ms, mfu 28.56%
iter 223: loss 0.0145, time 508.32ms, mfu 28.62%
iter 224: loss 0.0141, time 513.90ms, mfu 28.64%
iter 225: loss 0.0139, time 512.24ms, mfu 28.67%
iter 226: loss 0.0137, time 525.59ms, mfu 28.62%
iter 227: loss 0.0135, time 514.23ms, mfu 28.64%
iter 228: loss 0.0133, time 517.43ms, mfu 28.64%
iter 229: loss 0.0130, time 511.83ms, mfu 28.67%
iter 230: loss 0.0128, time 516.20ms, mfu 28.67%
iter 231: loss 0.0127, time 521.50ms, mfu 28.64%
iter 232: loss 0.0125, time 520.52ms, mfu 28.62%
iter 233: loss 0.0123, time 511.95ms, mfu 28.66%
iter 234: loss 0.0121, time 520.23ms, mfu 28.64%
iter 235: loss 0.0119, time 515.79ms, mfu 28.65%
iter 236: loss 0.0117, time 514.86ms, mfu 28.66%
iter 237: loss 0.0115, time 510.84ms, mfu 28.69%
iter 238: loss 0.0112, time 514.07ms, mfu 28.70%
iter 239: loss 0.0111, time 514.13ms, mfu 28.71%
iter 240: loss 0.0110, time 513.62ms, mfu 28.73%
iter 241: loss 0.0108, time 513.08ms, mfu 28.74%
iter 242: loss 0.0107, time 513.54ms, mfu 28.75%
iter 243: loss 0.0105, time 517.96ms, mfu 28.74%
iter 244: loss 0.0104, time 510.26ms, mfu 28.77%
iter 245: loss 0.0102, time 515.52ms, mfu 28.76%
iter 246: loss 0.0100, time 516.73ms, mfu 28.75%
iter 247: loss 0.0098, time 514.80ms, mfu 28.75%
iter 248: loss 0.0096, time 514.37ms, mfu 28.76%
iter 249: loss 0.0096, time 514.76ms, mfu 28.76%
iter 250: loss 0.0094, time 511.01ms, mfu 28.78%
iter 251: loss 0.0094, time 512.27ms, mfu 28.80%
iter 252: loss 0.0091, time 518.13ms, mfu 28.78%
iter 253: loss 0.0090, time 514.17ms, mfu 28.78%
iter 254: loss 0.0088, time 511.69ms, mfu 28.80%
iter 255: loss 0.0087, time 516.17ms, mfu 28.79%
iter 256: loss 0.0086, time 513.71ms, mfu 28.79%
iter 257: loss 0.0084, time 513.75ms, mfu 28.80%
iter 258: loss 0.0084, time 509.34ms, mfu 28.82%
iter 259: loss 0.0082, time 536.71ms, mfu 28.70%
iter 260: loss 0.0081, time 510.80ms, mfu 28.73%
iter 261: loss 0.0080, time 512.64ms, mfu 28.75%
iter 262: loss 0.0079, time 515.26ms, mfu 28.75%
iter 263: loss 0.0077, time 509.89ms, mfu 28.78%
iter 264: loss 0.0077, time 511.33ms, mfu 28.80%
iter 265: loss 0.0075, time 511.65ms, mfu 28.81%
iter 266: loss 0.0075, time 512.45ms, mfu 28.82%
iter 267: loss 0.0074, time 511.27ms, mfu 28.84%
iter 268: loss 0.0073, time 515.76ms, mfu 28.83%
iter 269: loss 0.0071, time 519.08ms, mfu 28.80%
iter 270: loss 0.0071, time 518.88ms, mfu 28.77%
iter 271: loss 0.0070, time 513.89ms, mfu 28.78%
iter 272: loss 0.0069, time 514.15ms, mfu 28.78%
iter 273: loss 0.0068, time 514.60ms, mfu 28.78%
iter 274: loss 0.0068, time 515.33ms, mfu 28.78%
iter 275: loss 0.0066, time 515.39ms, mfu 28.77%
iter 276: loss 0.0065, time 513.86ms, mfu 28.78%
iter 277: loss 0.0065, time 512.29ms, mfu 28.79%
iter 278: loss 0.0063, time 511.84ms, mfu 28.81%
iter 279: loss 0.0062, time 512.80ms, mfu 28.82%
iter 280: loss 0.0062, time 510.50ms, mfu 28.84%
iter 281: loss 0.0061, time 511.89ms, mfu 28.85%
iter 282: loss 0.0060, time 510.90ms, mfu 28.86%
iter 283: loss 0.0061, time 510.73ms, mfu 28.87%
iter 284: loss 0.0059, time 512.86ms, mfu 28.88%
iter 285: loss 0.0059, time 514.65ms, mfu 28.87%
iter 286: loss 0.0058, time 512.64ms, mfu 28.87%
iter 287: loss 0.0057, time 508.04ms, mfu 28.90%
iter 288: loss 0.0057, time 509.22ms, mfu 28.92%
iter 289: loss 0.0056, time 521.74ms, mfu 28.86%
iter 290: loss 0.0055, time 511.61ms, mfu 28.87%
iter 291: loss 0.0055, time 506.59ms, mfu 28.91%
iter 292: loss 0.0053, time 509.06ms, mfu 28.93%
iter 293: loss 0.0053, time 510.46ms, mfu 28.94%
iter 294: loss 0.0053, time 513.92ms, mfu 28.93%
iter 295: loss 0.0052, time 517.65ms, mfu 28.90%
iter 296: loss 0.0052, time 516.15ms, mfu 28.88%
iter 297: loss 0.0052, time 517.38ms, mfu 28.85%
iter 298: loss 0.0050, time 514.81ms, mfu 28.84%
iter 299: loss 0.0051, time 513.16ms, mfu 28.85%
step 300: train loss 0.0050, val loss 0.0050
iter 300: loss 0.0050, time 34442.43ms, mfu 26.00%
iter 301: loss 0.0049, time 512.60ms, mfu 26.29%
iter 302: loss 0.0048, time 511.45ms, mfu 26.56%
iter 303: loss 0.0048, time 511.69ms, mfu 26.80%
iter 304: loss 0.0047, time 514.79ms, mfu 27.00%
iter 305: loss 0.0047, time 510.83ms, mfu 27.20%
iter 306: loss 0.0047, time 511.75ms, mfu 27.37%
iter 307: loss 0.0047, time 511.49ms, mfu 27.53%
iter 308: loss 0.0046, time 513.34ms, mfu 27.66%
iter 309: loss 0.0046, time 518.58ms, mfu 27.75%
iter 310: loss 0.0046, time 520.80ms, mfu 27.82%
iter 311: loss 0.0045, time 510.41ms, mfu 27.94%
iter 312: loss 0.0045, time 515.58ms, mfu 28.02%
iter 313: loss 0.0045, time 507.81ms, mfu 28.14%
iter 314: loss 0.0044, time 512.77ms, mfu 28.21%
iter 315: loss 0.0043, time 515.22ms, mfu 28.26%
iter 316: loss 0.0043, time 510.17ms, mfu 28.34%
iter 317: loss 0.0043, time 513.65ms, mfu 28.39%
iter 318: loss 0.0043, time 513.64ms, mfu 28.44%
iter 319: loss 0.0042, time 507.91ms, mfu 28.51%
iter 320: loss 0.0042, time 513.22ms, mfu 28.54%
iter 321: loss 0.0042, time 517.41ms, mfu 28.55%
iter 322: loss 0.0041, time 515.30ms, mfu 28.57%
iter 323: loss 0.0041, time 512.97ms, mfu 28.60%
iter 324: loss 0.0041, time 513.12ms, mfu 28.63%
iter 325: loss 0.0041, time 512.35ms, mfu 28.66%
iter 326: loss 0.0040, time 507.47ms, mfu 28.71%
iter 327: loss 0.0040, time 509.61ms, mfu 28.75%
iter 328: loss 0.0040, time 507.57ms, mfu 28.79%
iter 329: loss 0.0039, time 509.47ms, mfu 28.82%
iter 330: loss 0.0039, time 513.66ms, mfu 28.82%
iter 331: loss 0.0039, time 516.96ms, mfu 28.80%
iter 332: loss 0.0039, time 510.40ms, mfu 28.83%
iter 333: loss 0.0038, time 511.00ms, mfu 28.84%
iter 334: loss 0.0038, time 509.58ms, mfu 28.86%
iter 335: loss 0.0038, time 511.46ms, mfu 28.87%
iter 336: loss 0.0038, time 513.77ms, mfu 28.87%
iter 337: loss 0.0037, time 512.94ms, mfu 28.87%
iter 338: loss 0.0037, time 515.91ms, mfu 28.85%
iter 339: loss 0.0037, time 508.21ms, mfu 28.88%
iter 340: loss 0.0036, time 513.75ms, mfu 28.88%
iter 341: loss 0.0035, time 515.40ms, mfu 28.86%
iter 342: loss 0.0036, time 509.04ms, mfu 28.89%
iter 343: loss 0.0036, time 513.01ms, mfu 28.89%
iter 344: loss 0.0036, time 505.54ms, mfu 28.93%
iter 345: loss 0.0036, time 511.44ms, mfu 28.93%
iter 346: loss 0.0036, time 510.32ms, mfu 28.94%
iter 347: loss 0.0036, time 511.31ms, mfu 28.94%
iter 348: loss 0.0036, time 516.02ms, mfu 28.92%
iter 349: loss 0.0036, time 519.47ms, mfu 28.88%
iter 350: loss 0.0035, time 512.03ms, mfu 28.88%
iter 351: loss 0.0035, time 509.36ms, mfu 28.90%
iter 352: loss 0.0034, time 513.67ms, mfu 28.90%
iter 353: loss 0.0034, time 505.85ms, mfu 28.94%
iter 354: loss 0.0035, time 511.67ms, mfu 28.94%
iter 355: loss 0.0034, time 507.78ms, mfu 28.96%
iter 356: loss 0.0034, time 513.46ms, mfu 28.95%
iter 357: loss 0.0034, time 513.61ms, mfu 28.94%
iter 358: loss 0.0034, time 511.40ms, mfu 28.94%
iter 359: loss 0.0033, time 510.41ms, mfu 28.95%
iter 360: loss 0.0033, time 511.19ms, mfu 28.95%
iter 361: loss 0.0034, time 514.71ms, mfu 28.93%
iter 362: loss 0.0034, time 516.65ms, mfu 28.91%
iter 363: loss 0.0033, time 514.31ms, mfu 28.90%
iter 364: loss 0.0034, time 507.39ms, mfu 28.93%
iter 365: loss 0.0033, time 510.46ms, mfu 28.94%
iter 366: loss 0.0033, time 509.91ms, mfu 28.95%
iter 367: loss 0.0033, time 511.74ms, mfu 28.95%
iter 368: loss 0.0033, time 517.42ms, mfu 28.92%
iter 369: loss 0.0033, time 507.59ms, mfu 28.94%
iter 370: loss 0.0033, time 515.99ms, mfu 28.92%
iter 371: loss 0.0032, time 509.71ms, mfu 28.93%
iter 372: loss 0.0033, time 514.91ms, mfu 28.92%
iter 373: loss 0.0033, time 511.47ms, mfu 28.92%
iter 374: loss 0.0032, time 516.95ms, mfu 28.89%
iter 375: loss 0.0033, time 515.26ms, mfu 28.88%
iter 376: loss 0.0032, time 514.35ms, mfu 28.87%
iter 377: loss 0.0032, time 504.22ms, mfu 28.92%
iter 378: loss 0.0032, time 512.23ms, mfu 28.92%
iter 379: loss 0.0032, time 511.02ms, mfu 28.93%
iter 380: loss 0.0032, time 512.02ms, mfu 28.93%
iter 381: loss 0.0032, time 508.11ms, mfu 28.95%
iter 382: loss 0.0031, time 511.37ms, mfu 28.95%
iter 383: loss 0.0032, time 511.09ms, mfu 28.96%
iter 384: loss 0.0032, time 507.94ms, mfu 28.98%
iter 385: loss 0.0032, time 509.78ms, mfu 28.98%
iter 386: loss 0.0032, time 513.92ms, mfu 28.97%
iter 387: loss 0.0031, time 524.22ms, mfu 28.90%
iter 388: loss 0.0031, time 518.53ms, mfu 28.86%
iter 389: loss 0.0032, time 513.57ms, mfu 28.86%
iter 390: loss 0.0031, time 519.51ms, mfu 28.83%
iter 391: loss 0.0031, time 513.90ms, mfu 28.83%
iter 392: loss 0.0031, time 514.52ms, mfu 28.82%
iter 393: loss 0.0031, time 512.82ms, mfu 28.83%
iter 394: loss 0.0031, time 515.97ms, mfu 28.82%
iter 395: loss 0.0031, time 514.06ms, mfu 28.82%
iter 396: loss 0.0032, time 511.99ms, mfu 28.83%
iter 397: loss 0.0031, time 512.26ms, mfu 28.84%
iter 398: loss 0.0031, time 513.61ms, mfu 28.84%
iter 399: loss 0.0031, time 510.98ms, mfu 28.85%
step 400: train loss 0.0031, val loss 0.0031
iter 400: loss 0.0031, time 34421.04ms, mfu 26.01%
iter 401: loss 0.0032, time 506.16ms, mfu 26.34%
iter 402: loss 0.0031, time 512.63ms, mfu 26.59%
iter 403: loss 0.0030, time 510.40ms, mfu 26.83%
iter 404: loss 0.0031, time 507.39ms, mfu 27.07%
iter 405: loss 0.0030, time 516.64ms, mfu 27.23%
iter 406: loss 0.0031, time 514.66ms, mfu 27.39%
iter 407: loss 0.0030, time 513.41ms, mfu 27.53%
iter 408: loss 0.0030, time 525.13ms, mfu 27.60%
iter 409: loss 0.0030, time 515.14ms, mfu 27.72%
iter 410: loss 0.0030, time 514.71ms, mfu 27.82%
iter 411: loss 0.0030, time 512.83ms, mfu 27.93%
iter 412: loss 0.0030, time 514.35ms, mfu 28.02%
iter 413: loss 0.0030, time 510.95ms, mfu 28.11%
iter 414: loss 0.0030, time 509.87ms, mfu 28.21%
iter 415: loss 0.0030, time 514.42ms, mfu 28.27%
iter 416: loss 0.0030, time 508.17ms, mfu 28.35%
iter 417: loss 0.0029, time 508.41ms, mfu 28.43%
iter 418: loss 0.0030, time 511.98ms, mfu 28.48%
iter 419: loss 0.0030, time 517.15ms, mfu 28.50%
iter 420: loss 0.0030, time 514.33ms, mfu 28.53%
iter 421: loss 0.0030, time 509.38ms, mfu 28.58%
iter 422: loss 0.0030, time 515.55ms, mfu 28.60%
iter 423: loss 0.0030, time 515.07ms, mfu 28.61%
iter 424: loss 0.0030, time 510.90ms, mfu 28.65%
iter 425: loss 0.0030, time 509.00ms, mfu 28.70%
iter 426: loss 0.0033, time 507.34ms, mfu 28.75%
iter 427: loss 0.0038, time 510.91ms, mfu 28.77%
iter 428: loss 0.0032, time 516.50ms, mfu 28.76%
iter 429: loss 0.0030, time 514.50ms, mfu 28.77%
iter 430: loss 0.0031, time 511.81ms, mfu 28.78%
iter 431: loss 0.0030, time 515.65ms, mfu 28.78%
iter 432: loss 0.0030, time 514.44ms, mfu 28.78%
iter 433: loss 0.0029, time 513.98ms, mfu 28.78%
iter 434: loss 0.0030, time 518.13ms, mfu 28.76%
iter 435: loss 0.0030, time 516.83ms, mfu 28.75%
iter 436: loss 0.0031, time 510.82ms, mfu 28.78%
iter 437: loss 0.0029, time 510.97ms, mfu 28.80%
iter 438: loss 0.0030, time 518.25ms, mfu 28.78%
iter 439: loss 0.0030, time 515.00ms, mfu 28.78%
iter 440: loss 0.0030, time 515.48ms, mfu 28.77%
iter 441: loss 0.0031, time 511.96ms, mfu 28.79%
iter 442: loss 0.0030, time 517.18ms, mfu 28.77%
iter 443: loss 0.0030, time 513.17ms, mfu 28.78%
iter 444: loss 0.0030, time 510.20ms, mfu 28.81%
iter 445: loss 0.0030, time 511.37ms, mfu 28.82%
iter 446: loss 0.0029, time 512.37ms, mfu 28.83%
iter 447: loss 0.0031, time 511.73ms, mfu 28.84%
iter 448: loss 0.0030, time 516.47ms, mfu 28.83%
iter 449: loss 0.0029, time 512.04ms, mfu 28.84%
iter 450: loss 0.0030, time 514.08ms, mfu 28.84%
iter 451: loss 0.0029, time 513.16ms, mfu 28.84%
iter 452: loss 0.0029, time 510.05ms, mfu 28.86%
iter 453: loss 0.0030, time 506.82ms, mfu 28.90%
iter 454: loss 0.0030, time 509.45ms, mfu 28.91%
iter 455: loss 0.0029, time 508.16ms, mfu 28.94%
iter 456: loss 0.0030, time 507.45ms, mfu 28.96%
iter 457: loss 0.0029, time 514.30ms, mfu 28.95%
iter 458: loss 0.0029, time 512.40ms, mfu 28.94%
iter 459: loss 0.0029, time 513.97ms, mfu 28.93%
iter 460: loss 0.0029, time 507.93ms, mfu 28.95%
iter 461: loss 0.0030, time 509.49ms, mfu 28.97%
iter 462: loss 0.0029, time 513.98ms, mfu 28.95%
iter 463: loss 0.0030, time 512.55ms, mfu 28.95%
iter 464: loss 0.0030, time 507.69ms, mfu 28.97%
iter 465: loss 0.0029, time 515.27ms, mfu 28.95%
iter 466: loss 0.0029, time 512.22ms, mfu 28.94%
iter 467: loss 0.0030, time 511.63ms, mfu 28.94%
iter 468: loss 0.0029, time 516.99ms, mfu 28.92%
iter 469: loss 0.0029, time 515.09ms, mfu 28.90%
iter 470: loss 0.0029, time 510.27ms, mfu 28.91%
iter 471: loss 0.0029, time 511.14ms, mfu 28.92%
iter 472: loss 0.0028, time 511.73ms, mfu 28.92%
iter 473: loss 0.0030, time 514.10ms, mfu 28.91%
iter 474: loss 0.0029, time 512.52ms, mfu 28.91%
iter 475: loss 0.0030, time 513.38ms, mfu 28.90%
iter 476: loss 0.0030, time 508.74ms, mfu 28.93%
iter 477: loss 0.0031, time 509.74ms, mfu 28.94%
iter 478: loss 0.0029, time 512.19ms, mfu 28.94%
iter 479: loss 0.0029, time 511.82ms, mfu 28.94%
iter 480: loss 0.0029, time 507.09ms, mfu 28.96%
iter 481: loss 0.0029, time 507.77ms, mfu 28.99%
iter 482: loss 0.0028, time 507.09ms, mfu 29.01%
iter 483: loss 0.0029, time 511.92ms, mfu 29.00%
iter 484: loss 0.0029, time 508.52ms, mfu 29.01%
iter 485: loss 0.0029, time 511.07ms, mfu 29.01%
iter 486: loss 0.0029, time 509.32ms, mfu 29.02%
iter 487: loss 0.0029, time 512.27ms, mfu 29.01%
iter 488: loss 0.0029, time 535.72ms, mfu 28.87%
iter 489: loss 0.0029, time 512.03ms, mfu 28.88%
iter 490: loss 0.0029, time 579.53ms, mfu 28.55%
iter 491: loss 0.0028, time 519.87ms, mfu 28.54%
iter 492: loss 0.0030, time 521.53ms, mfu 28.53%
iter 493: loss 0.0029, time 515.76ms, mfu 28.55%
iter 494: loss 0.0029, time 512.07ms, mfu 28.58%
iter 495: loss 0.0029, time 513.54ms, mfu 28.61%
iter 496: loss 0.0029, time 508.52ms, mfu 28.66%
iter 497: loss 0.0029, time 511.00ms, mfu 28.69%
iter 498: loss 0.0029, time 510.77ms, mfu 28.73%
iter 499: loss 0.0030, time 512.22ms, mfu 28.74%
step 500: train loss 0.0029, val loss 0.0029
iter 500: loss 0.0029, time 34388.89ms, mfu 25.91%
iter 501: loss 0.0029, time 511.54ms, mfu 26.22%
iter 502: loss 0.0028, time 510.66ms, mfu 26.50%
iter 503: loss 0.0029, time 513.28ms, mfu 26.73%
iter 504: loss 0.0029, time 511.06ms, mfu 26.96%
iter 505: loss 0.0028, time 510.08ms, mfu 27.17%
iter 506: loss 0.0029, time 513.88ms, mfu 27.33%
iter 507: loss 0.0029, time 510.67ms, mfu 27.50%
iter 508: loss 0.0029, time 513.52ms, mfu 27.63%
iter 509: loss 0.0029, time 515.45ms, mfu 27.74%
iter 510: loss 0.0029, time 509.60ms, mfu 27.88%
iter 511: loss 0.0028, time 509.12ms, mfu 28.00%
iter 512: loss 0.0029, time 507.18ms, mfu 28.12%
iter 513: loss 0.0029, time 511.39ms, mfu 28.20%
iter 514: loss 0.0030, time 509.51ms, mfu 28.29%
iter 515: loss 0.0029, time 509.01ms, mfu 28.37%
iter 516: loss 0.0029, time 509.46ms, mfu 28.44%
iter 517: loss 0.0030, time 507.14ms, mfu 28.52%
iter 518: loss 0.0029, time 511.45ms, mfu 28.56%
iter 519: loss 0.0029, time 514.02ms, mfu 28.59%
iter 520: loss 0.0028, time 512.72ms, mfu 28.62%
iter 521: loss 0.0029, time 510.24ms, mfu 28.66%
iter 522: loss 0.0028, time 512.01ms, mfu 28.69%
iter 523: loss 0.0030, time 513.86ms, mfu 28.70%
iter 524: loss 0.0029, time 533.41ms, mfu 28.61%
iter 525: loss 0.0029, time 510.59ms, mfu 28.65%
iter 526: loss 0.0029, time 509.23ms, mfu 28.69%
iter 527: loss 0.0029, time 517.42ms, mfu 28.69%
iter 528: loss 0.0030, time 515.68ms, mfu 28.69%
iter 529: loss 0.0029, time 517.32ms, mfu 28.68%
iter 530: loss 0.0029, time 510.36ms, mfu 28.72%
iter 531: loss 0.0028, time 513.14ms, mfu 28.73%
iter 532: loss 0.0029, time 514.09ms, mfu 28.74%
iter 533: loss 0.0029, time 506.39ms, mfu 28.79%
iter 534: loss 0.0030, time 510.40ms, mfu 28.82%
iter 535: loss 0.0029, time 511.56ms, mfu 28.83%
iter 536: loss 0.0030, time 508.52ms, mfu 28.86%
iter 537: loss 0.0029, time 510.31ms, mfu 28.88%
iter 538: loss 0.0029, time 519.29ms, mfu 28.84%
iter 539: loss 0.0029, time 512.69ms, mfu 28.85%
iter 540: loss 0.0029, time 512.96ms, mfu 28.85%
iter 541: loss 0.0029, time 509.48ms, mfu 28.87%
iter 542: loss 0.0029, time 512.55ms, mfu 28.87%
iter 543: loss 0.0029, time 512.61ms, mfu 28.88%
iter 544: loss 0.0029, time 512.15ms, mfu 28.88%
iter 545: loss 0.0028, time 511.61ms, mfu 28.89%
iter 546: loss 0.0030, time 516.78ms, mfu 28.87%
iter 547: loss 0.0028, time 512.43ms, mfu 28.87%
iter 548: loss 0.0029, time 512.84ms, mfu 28.87%
iter 549: loss 0.0028, time 517.15ms, mfu 28.85%
iter 550: loss 0.0029, time 511.13ms, mfu 28.86%
iter 551: loss 0.0029, time 512.60ms, mfu 28.87%
iter 552: loss 0.0029, time 512.55ms, mfu 28.87%
iter 553: loss 0.0029, time 510.83ms, mfu 28.88%
iter 554: loss 0.0028, time 508.85ms, mfu 28.90%
iter 555: loss 0.0029, time 514.24ms, mfu 28.89%
iter 556: loss 0.0029, time 514.28ms, mfu 28.89%
iter 557: loss 0.0037, time 512.80ms, mfu 28.89%
iter 558: loss 0.0029, time 515.19ms, mfu 28.87%
iter 559: loss 0.0029, time 517.85ms, mfu 28.85%
iter 560: loss 0.0030, time 512.54ms, mfu 28.85%
iter 561: loss 0.0030, time 529.97ms, mfu 28.76%
iter 562: loss 0.0029, time 511.99ms, mfu 28.78%
iter 563: loss 0.0029, time 514.30ms, mfu 28.78%
iter 564: loss 0.0030, time 506.95ms, mfu 28.82%
iter 565: loss 0.0029, time 506.82ms, mfu 28.86%
iter 566: loss 0.0029, time 512.52ms, mfu 28.87%
iter 567: loss 0.0029, time 531.26ms, mfu 28.77%
iter 568: loss 0.0029, time 510.82ms, mfu 28.79%
iter 569: loss 0.0028, time 509.74ms, mfu 28.82%
iter 570: loss 0.0029, time 506.64ms, mfu 28.86%
iter 571: loss 0.0029, time 511.73ms, mfu 28.87%
iter 572: loss 0.0029, time 510.61ms, mfu 28.88%
iter 573: loss 0.0029, time 509.59ms, mfu 28.90%
iter 574: loss 0.0029, time 509.52ms, mfu 28.92%
iter 575: loss 0.0029, time 512.56ms, mfu 28.92%
iter 576: loss 0.0030, time 511.97ms, mfu 28.92%
iter 577: loss 0.0029, time 513.42ms, mfu 28.91%
iter 578: loss 0.0029, time 514.59ms, mfu 28.90%
iter 579: loss 0.0029, time 507.47ms, mfu 28.93%
iter 580: loss 0.0028, time 543.40ms, mfu 28.76%
iter 581: loss 0.0029, time 514.49ms, mfu 28.76%
iter 582: loss 0.0029, time 511.30ms, mfu 28.79%
iter 583: loss 0.0029, time 513.55ms, mfu 28.79%
iter 584: loss 0.0028, time 512.56ms, mfu 28.80%
iter 585: loss 0.0029, time 508.10ms, mfu 28.84%
iter 586: loss 0.0028, time 510.92ms, mfu 28.85%
iter 587: loss 0.0029, time 514.89ms, mfu 28.84%
iter 588: loss 0.0030, time 513.08ms, mfu 28.85%
iter 589: loss 0.0029, time 511.71ms, mfu 28.86%
iter 590: loss 0.0029, time 510.36ms, mfu 28.87%
iter 591: loss 0.0029, time 511.36ms, mfu 28.88%
iter 592: loss 0.0030, time 513.45ms, mfu 28.88%
iter 593: loss 0.0029, time 507.02ms, mfu 28.91%
iter 594: loss 0.0029, time 507.99ms, mfu 28.94%
iter 595: loss 0.0029, time 508.69ms, mfu 28.96%
iter 596: loss 0.0029, time 510.78ms, mfu 28.96%
iter 597: loss 0.0029, time 512.20ms, mfu 28.96%
iter 598: loss 0.0029, time 510.75ms, mfu 28.96%
iter 599: loss 0.0029, time 507.56ms, mfu 28.98%
step 600: train loss 0.0029, val loss 0.0029
iter 600: loss 0.0029, time 34240.50ms, mfu 26.13%
iter 601: loss 0.0030, time 508.03ms, mfu 26.43%
iter 602: loss 0.0029, time 512.46ms, mfu 26.68%
iter 603: loss 0.0029, time 512.89ms, mfu 26.90%
iter 604: loss 0.0029, time 513.82ms, mfu 27.09%
iter 605: loss 0.0029, time 513.32ms, mfu 27.27%
iter 606: loss 0.0029, time 512.10ms, mfu 27.43%
iter 607: loss 0.0028, time 506.79ms, mfu 27.61%
iter 608: loss 0.0028, time 510.28ms, mfu 27.75%
iter 609: loss 0.0028, time 508.09ms, mfu 27.89%
iter 610: loss 0.0029, time 509.38ms, mfu 28.01%
iter 611: loss 0.0029, time 509.95ms, mfu 28.12%
iter 612: loss 0.0030, time 510.56ms, mfu 28.21%
iter 613: loss 0.0028, time 510.50ms, mfu 28.29%
iter 614: loss 0.0029, time 514.61ms, mfu 28.34%
iter 615: loss 0.0029, time 515.29ms, mfu 28.38%
iter 616: loss 0.0029, time 512.09ms, mfu 28.43%
iter 617: loss 0.0028, time 514.24ms, mfu 28.47%
iter 618: loss 0.0030, time 511.12ms, mfu 28.52%
iter 619: loss 0.0029, time 515.17ms, mfu 28.54%
iter 620: loss 0.0029, time 511.50ms, mfu 28.59%
iter 621: loss 0.0028, time 520.73ms, mfu 28.57%
iter 622: loss 0.0029, time 511.75ms, mfu 28.61%
iter 623: loss 0.0029, time 510.60ms, mfu 28.65%
iter 624: loss 0.0029, time 511.84ms, mfu 28.68%
iter 625: loss 0.0028, time 511.94ms, mfu 28.70%
iter 626: loss 0.0029, time 511.62ms, mfu 28.73%
iter 627: loss 0.0029, time 509.25ms, mfu 28.76%
iter 628: loss 0.0029, time 517.22ms, mfu 28.75%
iter 629: loss 0.0028, time 511.69ms, mfu 28.77%
iter 630: loss 0.0029, time 509.91ms, mfu 28.80%
iter 631: loss 0.0029, time 516.41ms, mfu 28.79%
iter 632: loss 0.0029, time 517.54ms, mfu 28.77%
iter 633: loss 0.0028, time 511.46ms, mfu 28.79%
iter 634: loss 0.0029, time 509.77ms, mfu 28.82%
iter 635: loss 0.0029, time 511.03ms, mfu 28.83%
iter 636: loss 0.0028, time 512.67ms, mfu 28.84%
iter 637: loss 0.0029, time 513.39ms, mfu 28.84%
iter 638: loss 0.0029, time 513.25ms, mfu 28.84%
iter 639: loss 0.0029, time 513.33ms, mfu 28.84%
iter 640: loss 0.0028, time 510.37ms, mfu 28.86%
iter 641: loss 0.0029, time 513.14ms, mfu 28.86%
iter 642: loss 0.0028, time 513.41ms, mfu 28.86%
iter 643: loss 0.0029, time 506.40ms, mfu 28.90%
iter 644: loss 0.0029, time 509.22ms, mfu 28.92%
iter 645: loss 0.0029, time 511.83ms, mfu 28.92%
iter 646: loss 0.0029, time 510.58ms, mfu 28.93%
iter 647: loss 0.0029, time 510.54ms, mfu 28.94%
iter 648: loss 0.0028, time 516.81ms, mfu 28.91%
iter 649: loss 0.0029, time 506.52ms, mfu 28.94%
iter 650: loss 0.0029, time 512.31ms, mfu 28.94%
iter 651: loss 0.0028, time 510.72ms, mfu 28.95%
iter 652: loss 0.0028, time 511.83ms, mfu 28.95%
iter 653: loss 0.0028, time 508.61ms, mfu 28.96%
iter 654: loss 0.0029, time 515.09ms, mfu 28.94%
iter 655: loss 0.0029, time 517.03ms, mfu 28.91%
iter 656: loss 0.0029, time 514.27ms, mfu 28.90%
iter 657: loss 0.0028, time 526.74ms, mfu 28.83%
iter 658: loss 0.0028, time 506.02ms, mfu 28.87%
iter 659: loss 0.0029, time 512.31ms, mfu 28.87%
iter 660: loss 0.0029, time 507.80ms, mfu 28.90%
iter 661: loss 0.0028, time 508.97ms, mfu 28.92%
iter 662: loss 0.0029, time 508.61ms, mfu 28.94%
iter 663: loss 0.0028, time 511.40ms, mfu 28.95%
iter 664: loss 0.0029, time 507.40ms, mfu 28.97%
iter 665: loss 0.0029, time 522.67ms, mfu 28.91%
iter 666: loss 0.0028, time 508.61ms, mfu 28.93%
iter 667: loss 0.0028, time 511.64ms, mfu 28.93%
iter 668: loss 0.0029, time 508.98ms, mfu 28.95%
iter 669: loss 0.0029, time 511.28ms, mfu 28.95%
iter 670: loss 0.0029, time 510.39ms, mfu 28.96%
iter 671: loss 0.0028, time 512.87ms, mfu 28.95%
iter 672: loss 0.0029, time 511.86ms, mfu 28.95%
iter 673: loss 0.0029, time 509.50ms, mfu 28.96%
iter 674: loss 0.0028, time 507.23ms, mfu 28.99%
iter 675: loss 0.0030, time 515.59ms, mfu 28.96%
iter 676: loss 0.0028, time 513.94ms, mfu 28.95%
iter 677: loss 0.0028, time 517.08ms, mfu 28.92%
iter 678: loss 0.0029, time 509.40ms, mfu 28.93%
iter 679: loss 0.0029, time 513.73ms, mfu 28.92%
iter 680: loss 0.0028, time 508.27ms, mfu 28.94%
iter 681: loss 0.0029, time 505.55ms, mfu 28.98%
iter 682: loss 0.0028, time 513.37ms, mfu 28.97%
iter 683: loss 0.0029, time 507.71ms, mfu 28.99%
iter 684: loss 0.0028, time 511.84ms, mfu 28.98%
iter 685: loss 0.0028, time 509.65ms, mfu 28.99%
iter 686: loss 0.0029, time 510.03ms, mfu 29.00%
iter 687: loss 0.0029, time 509.78ms, mfu 29.00%
iter 688: loss 0.0029, time 508.60ms, mfu 29.02%
iter 689: loss 0.0029, time 509.22ms, mfu 29.02%
iter 690: loss 0.0028, time 508.89ms, mfu 29.03%
iter 691: loss 0.0029, time 508.41ms, mfu 29.04%
iter 692: loss 0.0028, time 510.15ms, mfu 29.04%
iter 693: loss 0.0028, time 507.74ms, mfu 29.05%
iter 694: loss 0.0029, time 504.58ms, mfu 29.08%
iter 695: loss 0.0028, time 504.38ms, mfu 29.11%
iter 696: loss 0.0029, time 508.88ms, mfu 29.11%
iter 697: loss 0.0029, time 509.00ms, mfu 29.11%
iter 698: loss 0.0028, time 509.88ms, mfu 29.11%
iter 699: loss 0.0028, time 510.94ms, mfu 29.09%
step 700: train loss 0.0029, val loss 0.0029
iter 700: loss 0.0029, time 34239.19ms, mfu 26.23%
iter 701: loss 0.0028, time 503.00ms, mfu 26.55%
iter 702: loss 0.0029, time 510.15ms, mfu 26.80%
iter 703: loss 0.0028, time 511.08ms, mfu 27.02%
iter 704: loss 0.0029, time 508.50ms, mfu 27.23%
iter 705: loss 0.0029, time 510.81ms, mfu 27.41%
iter 706: loss 0.0029, time 506.89ms, mfu 27.59%
iter 707: loss 0.0030, time 510.25ms, mfu 27.73%
iter 708: loss 0.0029, time 512.13ms, mfu 27.85%
iter 709: loss 0.0029, time 510.64ms, mfu 27.97%
iter 710: loss 0.0028, time 511.11ms, mfu 28.07%
iter 711: loss 0.0029, time 509.80ms, mfu 28.17%
iter 712: loss 0.0028, time 507.68ms, mfu 28.27%
iter 713: loss 0.0029, time 507.62ms, mfu 28.36%
iter 714: loss 0.0029, time 506.76ms, mfu 28.45%
iter 715: loss 0.0029, time 513.61ms, mfu 28.49%
iter 716: loss 0.0029, time 511.77ms, mfu 28.53%
iter 717: loss 0.0029, time 514.11ms, mfu 28.56%
iter 718: loss 0.0028, time 513.42ms, mfu 28.59%
iter 719: loss 0.0029, time 508.59ms, mfu 28.64%
iter 720: loss 0.0029, time 512.70ms, mfu 28.67%
iter 721: loss 0.0029, time 508.80ms, mfu 28.71%
iter 722: loss 0.0028, time 509.93ms, mfu 28.75%
iter 723: loss 0.0028, time 508.36ms, mfu 28.78%
iter 724: loss 0.0029, time 516.50ms, mfu 28.77%
iter 725: loss 0.0028, time 510.26ms, mfu 28.80%
iter 726: loss 0.0028, time 506.53ms, mfu 28.84%
iter 727: loss 0.0029, time 501.39ms, mfu 28.91%
iter 728: loss 0.0029, time 507.86ms, mfu 28.94%
iter 729: loss 0.0029, time 503.53ms, mfu 28.99%
iter 730: loss 0.0028, time 509.12ms, mfu 29.00%
iter 731: loss 0.0028, time 510.35ms, mfu 29.00%
iter 732: loss 0.0029, time 523.80ms, mfu 28.93%
iter 733: loss 0.0029, time 518.48ms, mfu 28.89%
iter 734: loss 0.0028, time 513.04ms, mfu 28.89%
iter 735: loss 0.0028, time 505.75ms, mfu 28.93%
iter 736: loss 0.0029, time 510.22ms, mfu 28.94%
iter 737: loss 0.0028, time 510.64ms, mfu 28.95%
iter 738: loss 0.0028, time 522.44ms, mfu 28.89%
iter 739: loss 0.0028, time 513.20ms, mfu 28.89%
iter 740: loss 0.0028, time 512.45ms, mfu 28.89%
iter 741: loss 0.0028, time 511.85ms, mfu 28.89%
iter 742: loss 0.0029, time 515.28ms, mfu 28.88%
iter 743: loss 0.0029, time 511.44ms, mfu 28.89%
iter 744: loss 0.0028, time 506.30ms, mfu 28.92%
iter 745: loss 0.0029, time 510.49ms, mfu 28.93%
iter 746: loss 0.0029, time 519.35ms, mfu 28.89%
iter 747: loss 0.0029, time 511.06ms, mfu 28.90%
iter 748: loss 0.0029, time 507.06ms, mfu 28.93%
iter 749: loss 0.0029, time 512.27ms, mfu 28.93%
iter 750: loss 0.0028, time 511.06ms, mfu 28.94%
iter 751: loss 0.0029, time 502.99ms, mfu 28.99%
iter 752: loss 0.0029, time 505.09ms, mfu 29.02%
iter 753: loss 0.0029, time 508.71ms, mfu 29.03%
iter 754: loss 0.0029, time 509.85ms, mfu 29.03%
iter 755: loss 0.0030, time 509.15ms, mfu 29.04%
iter 756: loss 0.0029, time 505.66ms, mfu 29.06%
iter 757: loss 0.0028, time 506.23ms, mfu 29.08%
iter 758: loss 0.0029, time 514.79ms, mfu 29.05%
iter 759: loss 0.0028, time 509.91ms, mfu 29.05%
iter 760: loss 0.0029, time 511.85ms, mfu 29.04%
iter 761: loss 0.0029, time 513.84ms, mfu 29.02%
iter 762: loss 0.0028, time 509.14ms, mfu 29.03%
iter 763: loss 0.0029, time 507.90ms, mfu 29.04%
iter 764: loss 0.0029, time 510.01ms, mfu 29.04%
iter 765: loss 0.0028, time 507.53ms, mfu 29.06%
iter 766: loss 0.0029, time 508.20ms, mfu 29.07%
iter 767: loss 0.0028, time 511.33ms, mfu 29.06%
iter 768: loss 0.0029, time 515.44ms, mfu 29.02%
iter 769: loss 0.0029, time 509.34ms, mfu 29.03%
iter 770: loss 0.0029, time 512.31ms, mfu 29.02%
iter 771: loss 0.0029, time 510.09ms, mfu 29.02%
iter 772: loss 0.0029, time 509.88ms, mfu 29.02%
iter 773: loss 0.0029, time 509.58ms, mfu 29.03%
iter 774: loss 0.0029, time 507.62ms, mfu 29.04%
iter 775: loss 0.0029, time 509.83ms, mfu 29.04%
iter 776: loss 0.0029, time 513.29ms, mfu 29.03%
iter 777: loss 0.0029, time 508.90ms, mfu 29.03%
iter 778: loss 0.0037, time 511.71ms, mfu 29.03%
iter 779: loss 0.0029, time 506.45ms, mfu 29.05%
iter 780: loss 0.0032, time 514.26ms, mfu 29.02%
iter 781: loss 0.0031, time 512.73ms, mfu 29.01%
iter 782: loss 0.0031, time 508.40ms, mfu 29.02%
iter 783: loss 0.0031, time 505.22ms, mfu 29.05%
iter 784: loss 0.0031, time 508.79ms, mfu 29.06%
iter 785: loss 0.0029, time 503.71ms, mfu 29.09%
iter 786: loss 0.0029, time 508.06ms, mfu 29.10%
iter 787: loss 0.0030, time 502.92ms, mfu 29.13%
iter 788: loss 0.0031, time 511.02ms, mfu 29.12%
iter 789: loss 0.0030, time 506.80ms, mfu 29.13%
iter 790: loss 0.0030, time 510.96ms, mfu 29.12%
iter 791: loss 0.0029, time 510.57ms, mfu 29.11%
iter 792: loss 0.0030, time 510.90ms, mfu 29.09%
iter 793: loss 0.0029, time 504.82ms, mfu 29.12%
iter 794: loss 0.0028, time 508.69ms, mfu 29.12%
iter 795: loss 0.0029, time 512.14ms, mfu 29.10%
iter 796: loss 0.0029, time 507.23ms, mfu 29.11%
iter 797: loss 0.0029, time 510.54ms, mfu 29.10%
iter 798: loss 0.0028, time 510.52ms, mfu 29.09%
iter 799: loss 0.0029, time 515.08ms, mfu 29.06%
step 800: train loss 0.0029, val loss 0.0029
iter 800: loss 0.0030, time 34121.94ms, mfu 26.20%
iter 801: loss 0.0029, time 521.82ms, mfu 26.42%
iter 802: loss 0.0029, time 513.46ms, mfu 26.66%
iter 803: loss 0.0029, time 515.03ms, mfu 26.87%
iter 804: loss 0.0029, time 511.06ms, mfu 27.08%
iter 805: loss 0.0029, time 512.28ms, mfu 27.26%
iter 806: loss 0.0029, time 521.27ms, mfu 27.38%
iter 807: loss 0.0029, time 508.13ms, mfu 27.56%
iter 808: loss 0.0029, time 509.47ms, mfu 27.71%
iter 809: loss 0.0028, time 509.63ms, mfu 27.84%
iter 810: loss 0.0029, time 506.96ms, mfu 27.98%
iter 811: loss 0.0029, time 510.78ms, mfu 28.08%
iter 812: loss 0.0028, time 505.36ms, mfu 28.21%
iter 813: loss 0.0029, time 510.27ms, mfu 28.29%
iter 814: loss 0.0029, time 507.99ms, mfu 28.38%
iter 815: loss 0.0030, time 507.65ms, mfu 28.46%
iter 816: loss 0.0029, time 513.38ms, mfu 28.50%
iter 817: loss 0.0029, time 511.07ms, mfu 28.54%
iter 818: loss 0.0028, time 517.37ms, mfu 28.55%
iter 819: loss 0.0028, time 515.95ms, mfu 28.57%
iter 820: loss 0.0029, time 508.02ms, mfu 28.63%
iter 821: loss 0.0028, time 509.64ms, mfu 28.67%
iter 822: loss 0.0028, time 507.12ms, mfu 28.73%
iter 823: loss 0.0028, time 509.83ms, mfu 28.76%
iter 824: loss 0.0029, time 507.70ms, mfu 28.80%
iter 825: loss 0.0029, time 513.92ms, mfu 28.80%
iter 826: loss 0.0029, time 510.55ms, mfu 28.82%
iter 827: loss 0.0029, time 507.71ms, mfu 28.86%
iter 828: loss 0.0029, time 516.57ms, mfu 28.84%
iter 829: loss 0.0029, time 511.90ms, mfu 28.85%
iter 830: loss 0.0029, time 507.98ms, mfu 28.88%
iter 831: loss 0.0029, time 509.24ms, mfu 28.90%
iter 832: loss 0.0029, time 509.24ms, mfu 28.92%
iter 833: loss 0.0029, time 509.29ms, mfu 28.94%
iter 834: loss 0.0029, time 512.14ms, mfu 28.94%
iter 835: loss 0.0028, time 508.19ms, mfu 28.96%
iter 836: loss 0.0028, time 504.18ms, mfu 29.00%
iter 837: loss 0.0029, time 511.45ms, mfu 29.00%
iter 838: loss 0.0029, time 511.94ms, mfu 28.99%
iter 839: loss 0.0028, time 516.15ms, mfu 28.96%
iter 840: loss 0.0029, time 509.00ms, mfu 28.97%
iter 841: loss 0.0029, time 518.21ms, mfu 28.94%
iter 842: loss 0.0029, time 509.01ms, mfu 28.95%
iter 843: loss 0.0029, time 514.32ms, mfu 28.94%
iter 844: loss 0.0028, time 506.13ms, mfu 28.97%
iter 845: loss 0.0029, time 511.07ms, mfu 28.97%
iter 846: loss 0.0029, time 505.20ms, mfu 29.01%
iter 847: loss 0.0028, time 503.73ms, mfu 29.05%
iter 848: loss 0.0029, time 509.16ms, mfu 29.05%
iter 849: loss 0.0029, time 512.00ms, mfu 29.04%
iter 850: loss 0.0029, time 502.06ms, mfu 29.09%
iter 851: loss 0.0029, time 508.03ms, mfu 29.09%
iter 852: loss 0.0028, time 509.15ms, mfu 29.09%
iter 853: loss 0.0029, time 502.13ms, mfu 29.13%
iter 854: loss 0.0029, time 519.79ms, mfu 29.07%
iter 855: loss 0.0028, time 511.33ms, mfu 29.06%
iter 856: loss 0.0030, time 509.86ms, mfu 29.06%
iter 857: loss 0.0029, time 514.26ms, mfu 29.03%
iter 858: loss 0.0029, time 513.06ms, mfu 29.02%
iter 859: loss 0.0028, time 510.69ms, mfu 29.02%
iter 860: loss 0.0028, time 506.70ms, mfu 29.04%
iter 861: loss 0.0029, time 508.89ms, mfu 29.04%
iter 862: loss 0.0029, time 510.87ms, mfu 29.04%
iter 863: loss 0.0028, time 507.41ms, mfu 29.06%
iter 864: loss 0.0028, time 511.87ms, mfu 29.04%
iter 865: loss 0.0029, time 501.98ms, mfu 29.09%
iter 866: loss 0.0028, time 501.90ms, mfu 29.13%
iter 867: loss 0.0028, time 503.72ms, mfu 29.16%
iter 868: loss 0.0028, time 506.30ms, mfu 29.17%
iter 869: loss 0.0029, time 507.05ms, mfu 29.17%
iter 870: loss 0.0028, time 504.82ms, mfu 29.19%
iter 871: loss 0.0029, time 506.00ms, mfu 29.20%
iter 872: loss 0.0029, time 510.10ms, mfu 29.18%
iter 873: loss 0.0028, time 508.45ms, mfu 29.18%
iter 874: loss 0.0028, time 504.35ms, mfu 29.20%
iter 875: loss 0.0029, time 507.15ms, mfu 29.20%
iter 876: loss 0.0028, time 508.47ms, mfu 29.19%
iter 877: loss 0.0028, time 511.39ms, mfu 29.17%
iter 878: loss 0.0028, time 513.97ms, mfu 29.13%
iter 879: loss 0.0029, time 511.94ms, mfu 29.11%
iter 880: loss 0.0029, time 509.23ms, mfu 29.11%
iter 881: loss 0.0030, time 508.74ms, mfu 29.11%
iter 882: loss 0.0029, time 512.69ms, mfu 29.09%
iter 883: loss 0.0029, time 510.76ms, mfu 29.08%
iter 884: loss 0.0028, time 508.55ms, mfu 29.09%
iter 885: loss 0.0029, time 504.15ms, mfu 29.12%
iter 886: loss 0.0028, time 507.51ms, mfu 29.12%
iter 887: loss 0.0029, time 509.50ms, mfu 29.12%
iter 888: loss 0.0029, time 512.45ms, mfu 29.10%
iter 889: loss 0.0028, time 513.92ms, mfu 29.07%
iter 890: loss 0.0029, time 508.58ms, mfu 29.07%
iter 891: loss 0.0028, time 506.78ms, mfu 29.09%
iter 892: loss 0.0028, time 503.58ms, mfu 29.12%
iter 893: loss 0.0029, time 510.78ms, mfu 29.11%
iter 894: loss 0.0028, time 504.52ms, mfu 29.14%
iter 895: loss 0.0029, time 504.54ms, mfu 29.16%
iter 896: loss 0.0029, time 510.98ms, mfu 29.14%
iter 897: loss 0.0029, time 506.09ms, mfu 29.15%
iter 898: loss 0.0029, time 508.62ms, mfu 29.15%
iter 899: loss 0.0028, time 504.80ms, mfu 29.17%
step 900: train loss 0.0029, val loss 0.0029
iter 900: loss 0.0029, time 33897.30ms, mfu 26.30%
iter 901: loss 0.0027, time 511.28ms, mfu 26.56%
iter 902: loss 0.0029, time 508.66ms, mfu 26.82%
iter 903: loss 0.0028, time 510.05ms, mfu 27.04%
iter 904: loss 0.0028, time 507.37ms, mfu 27.26%
iter 905: loss 0.0030, time 508.65ms, mfu 27.44%
iter 906: loss 0.0029, time 510.86ms, mfu 27.60%
iter 907: loss 0.0029, time 504.95ms, mfu 27.77%
iter 908: loss 0.0028, time 512.44ms, mfu 27.89%
iter 909: loss 0.0028, time 509.11ms, mfu 28.01%
iter 910: loss 0.0028, time 508.26ms, mfu 28.12%
iter 911: loss 0.0029, time 508.57ms, mfu 28.22%
iter 912: loss 0.0029, time 511.61ms, mfu 28.29%
iter 913: loss 0.0029, time 503.15ms, mfu 28.41%
iter 914: loss 0.0029, time 507.68ms, mfu 28.49%
iter 915: loss 0.0029, time 502.05ms, mfu 28.59%
iter 916: loss 0.0029, time 504.10ms, mfu 28.67%
iter 917: loss 0.0028, time 507.14ms, mfu 28.72%
iter 918: loss 0.0029, time 510.92ms, mfu 28.75%
iter 919: loss 0.0028, time 511.37ms, mfu 28.77%
iter 920: loss 0.0028, time 507.81ms, mfu 28.81%
iter 921: loss 0.0029, time 507.99ms, mfu 28.85%
iter 922: loss 0.0029, time 506.91ms, mfu 28.88%
iter 923: loss 0.0029, time 505.91ms, mfu 28.92%
iter 924: loss 0.0029, time 503.81ms, mfu 28.97%
iter 925: loss 0.0029, time 506.03ms, mfu 29.00%
iter 926: loss 0.0028, time 511.10ms, mfu 29.00%
iter 927: loss 0.0029, time 509.52ms, mfu 29.01%
iter 928: loss 0.0029, time 505.91ms, mfu 29.03%
iter 929: loss 0.0029, time 507.30ms, mfu 29.05%
iter 930: loss 0.0029, time 509.63ms, mfu 29.05%
iter 931: loss 0.0029, time 510.00ms, mfu 29.05%
iter 932: loss 0.0029, time 505.48ms, mfu 29.08%
iter 933: loss 0.0028, time 506.22ms, mfu 29.09%
iter 934: loss 0.0028, time 505.34ms, mfu 29.12%
iter 935: loss 0.0028, time 501.22ms, mfu 29.16%
iter 936: loss 0.0029, time 500.63ms, mfu 29.20%
iter 937: loss 0.0029, time 504.32ms, mfu 29.22%
iter 938: loss 0.0029, time 505.11ms, mfu 29.23%
iter 939: loss 0.0029, time 501.29ms, mfu 29.26%
iter 940: loss 0.0028, time 505.03ms, mfu 29.27%
iter 941: loss 0.0028, time 502.69ms, mfu 29.29%
iter 942: loss 0.0029, time 505.02ms, mfu 29.29%
iter 943: loss 0.0029, time 503.60ms, mfu 29.31%
iter 944: loss 0.0028, time 506.51ms, mfu 29.30%
iter 945: loss 0.0029, time 514.87ms, mfu 29.25%
iter 946: loss 0.0029, time 501.13ms, mfu 29.28%
iter 947: loss 0.0028, time 513.19ms, mfu 29.24%
iter 948: loss 0.0028, time 505.40ms, mfu 29.24%
iter 949: loss 0.0029, time 511.55ms, mfu 29.21%
iter 950: loss 0.0029, time 506.42ms, mfu 29.22%
iter 951: loss 0.0029, time 511.69ms, mfu 29.19%
iter 952: loss 0.0028, time 507.86ms, mfu 29.19%
iter 953: loss 0.0029, time 512.96ms, mfu 29.16%
iter 954: loss 0.0029, time 508.48ms, mfu 29.16%
iter 955: loss 0.0029, time 509.17ms, mfu 29.15%
iter 956: loss 0.0028, time 503.30ms, mfu 29.18%
iter 957: loss 0.0028, time 506.87ms, mfu 29.18%
iter 958: loss 0.0028, time 505.87ms, mfu 29.19%
iter 959: loss 0.0029, time 506.74ms, mfu 29.20%
iter 960: loss 0.0028, time 516.94ms, mfu 29.14%
iter 961: loss 0.0028, time 503.44ms, mfu 29.17%
iter 962: loss 0.0028, time 508.10ms, mfu 29.17%
iter 963: loss 0.0029, time 507.48ms, mfu 29.17%
iter 964: loss 0.0030, time 510.30ms, mfu 29.16%
iter 965: loss 0.0028, time 512.73ms, mfu 29.13%
iter 966: loss 0.0029, time 510.29ms, mfu 29.12%
iter 967: loss 0.0029, time 505.83ms, mfu 29.14%
iter 968: loss 0.0029, time 510.79ms, mfu 29.12%
iter 969: loss 0.0029, time 513.68ms, mfu 29.09%
iter 970: loss 0.0028, time 509.06ms, mfu 29.09%
iter 971: loss 0.0028, time 507.44ms, mfu 29.10%
iter 972: loss 0.0028, time 510.25ms, mfu 29.10%
iter 973: loss 0.0029, time 497.93ms, mfu 29.16%
iter 974: loss 0.0028, time 506.55ms, mfu 29.17%
iter 975: loss 0.0029, time 503.54ms, mfu 29.19%
iter 976: loss 0.0029, time 507.80ms, mfu 29.19%
iter 977: loss 0.0028, time 504.80ms, mfu 29.21%
iter 978: loss 0.0029, time 512.70ms, mfu 29.18%
iter 979: loss 0.0029, time 505.78ms, mfu 29.19%
iter 980: loss 0.0028, time 508.68ms, mfu 29.18%
iter 981: loss 0.0028, time 506.30ms, mfu 29.19%
iter 982: loss 0.0029, time 509.25ms, mfu 29.18%
iter 983: loss 0.0029, time 509.39ms, mfu 29.17%
iter 984: loss 0.0029, time 507.95ms, mfu 29.17%
iter 985: loss 0.0029, time 504.46ms, mfu 29.19%
iter 986: loss 0.0029, time 508.32ms, mfu 29.18%
iter 987: loss 0.0028, time 504.88ms, mfu 29.20%
iter 988: loss 0.0028, time 505.67ms, mfu 29.21%
iter 989: loss 0.0028, time 510.41ms, mfu 29.19%
iter 990: loss 0.0029, time 512.51ms, mfu 29.16%
iter 991: loss 0.0029, time 508.68ms, mfu 29.16%
iter 992: loss 0.0029, time 512.61ms, mfu 29.13%
iter 993: loss 0.0029, time 509.89ms, mfu 29.12%
iter 994: loss 0.0028, time 510.91ms, mfu 29.11%
iter 995: loss 0.0029, time 511.32ms, mfu 29.10%
iter 996: loss 0.0028, time 502.84ms, mfu 29.13%
iter 997: loss 0.0028, time 500.87ms, mfu 29.18%
iter 998: loss 0.0028, time 504.18ms, mfu 29.20%
iter 999: loss 0.0029, time 504.21ms, mfu 29.21%
step 1000: train loss 0.0029, val loss 0.0029
saving checkpoint to out/lr-1e-3
iter 1000: loss 0.0030, time 33961.76ms, mfu 26.34%
saving final checkpoint to out/lr-1e-3
