Overriding config with config/train_gpt2.py:
# config for training GPT-2 (124M) down to very nice loss of ~2.85 on 1 node of 8X A100 40GB
# launch as the following (e.g. in a screen session) and wait ~5 days:
# $ torchrun --standalone --nproc_per_node=8 train.py config/train_gpt2.py

wandb_log = True
wandb_project = 'CS182-final-project'
wandb_run_name='gpt2-124M'

# these make the total batch size be ~0.5M
# each encryption key has 1024 plaintext/ciphertext pairs
# 256 batch size * 2048 block size * 1 gradient_accumulation_steps = 524,288
batch_size = 256
block_size = 2048
gradient_accumulation_steps = 1

# this makes total number of tokens be ~21M, with ~10M input/output pairs
max_iters = 1000
lr_decay_iters = 1000

# eval stuff
eval_interval = 100
eval_iters = 50
log_interval = 1

# weight decay
weight_decay = 1e-1

Overriding: wandb_log = False
Overriding: wandb_run_name = lr-1e-1
Overriding: learning_rate = 0.1
tokens per iteration will be: 524,288
Using vocab size of 28 (a-z + separators)
/pscratch/sd/a/adityat/CS182-project/train.py:259: FutureWarning: `torch.cuda.amp.GradScaler(args...)` is deprecated. Please use `torch.amp.GradScaler('cuda', args...)` instead.
  scaler = torch.cuda.amp.GradScaler(enabled=(dtype == 'float16'))
Initializing a new model from scratch
number of parameters: 6.30M
num decayed parameter tensors: 34, with 6,822,912 parameters
num non-decayed parameter tensors: 17, with 4,352 parameters
using fused AdamW: True
compiling the model... (takes a ~minute)
step 0: train loss 2.1790, val loss 2.1790
iter 0: loss 2.1794, time 63643.20ms, mfu -100.00%
iter 1: loss 1.5279, time 301.61ms, mfu -100.00%
iter 2: loss 0.9142, time 537.13ms, mfu -100.00%
iter 3: loss 0.5441, time 537.12ms, mfu -100.00%
iter 4: loss 0.3586, time 533.31ms, mfu -100.00%
iter 5: loss 0.2543, time 539.67ms, mfu 27.45%
iter 6: loss 0.1936, time 531.88ms, mfu 27.49%
iter 7: loss 0.1570, time 535.61ms, mfu 27.50%
iter 8: loss 0.1356, time 535.38ms, mfu 27.52%
iter 9: loss 0.1195, time 535.29ms, mfu 27.54%
iter 10: loss 0.1055, time 540.11ms, mfu 27.53%
iter 11: loss 0.0929, time 531.62ms, mfu 27.56%
iter 12: loss 0.0816, time 529.77ms, mfu 27.60%
iter 13: loss 0.0707, time 536.67ms, mfu 27.60%
iter 14: loss 0.0611, time 532.87ms, mfu 27.62%
iter 15: loss 0.0526, time 532.81ms, mfu 27.64%
iter 16: loss 0.0452, time 539.87ms, mfu 27.62%
iter 17: loss 0.0387, time 535.56ms, mfu 27.62%
iter 18: loss 0.0330, time 540.51ms, mfu 27.60%
iter 19: loss 0.0283, time 538.06ms, mfu 27.59%
iter 20: loss 0.0243, time 532.52ms, mfu 27.62%
iter 21: loss 0.0208, time 535.37ms, mfu 27.62%
iter 22: loss 0.0180, time 533.49ms, mfu 27.64%
iter 23: loss 0.0154, time 537.58ms, mfu 27.63%
iter 24: loss 0.0137, time 535.32ms, mfu 27.63%
iter 25: loss 0.0119, time 540.07ms, mfu 27.61%
iter 26: loss 0.0106, time 542.64ms, mfu 27.58%
iter 27: loss 0.0093, time 534.11ms, mfu 27.59%
iter 28: loss 0.0085, time 537.88ms, mfu 27.59%
iter 29: loss 0.0077, time 532.58ms, mfu 27.61%
iter 30: loss 0.0072, time 534.13ms, mfu 27.62%
iter 31: loss 0.0065, time 530.56ms, mfu 27.65%
iter 32: loss 0.0061, time 536.93ms, mfu 27.65%
iter 33: loss 0.0055, time 537.22ms, mfu 27.64%
iter 34: loss 0.0052, time 537.35ms, mfu 27.63%
iter 35: loss 0.0048, time 534.84ms, mfu 27.64%
iter 36: loss 0.0046, time 531.30ms, mfu 27.66%
iter 37: loss 0.0045, time 541.28ms, mfu 27.63%
iter 38: loss 0.0044, time 536.17ms, mfu 27.63%
iter 39: loss 0.0043, time 544.51ms, mfu 27.59%
iter 40: loss 0.0041, time 536.63ms, mfu 27.59%
iter 41: loss 0.0040, time 540.62ms, mfu 27.57%
iter 42: loss 0.0038, time 597.66ms, mfu 27.29%
iter 43: loss 0.0038, time 553.13ms, mfu 27.24%
iter 44: loss 0.0038, time 539.57ms, mfu 27.26%
iter 45: loss 0.0036, time 545.68ms, mfu 27.25%
iter 46: loss 0.0035, time 531.59ms, mfu 27.31%
iter 47: loss 0.0036, time 532.10ms, mfu 27.37%
iter 48: loss 0.0035, time 540.00ms, mfu 27.37%
iter 49: loss 0.0034, time 538.01ms, mfu 27.39%
iter 50: loss 0.0034, time 536.47ms, mfu 27.41%
iter 51: loss 0.0033, time 529.91ms, mfu 27.46%
iter 52: loss 0.0034, time 533.07ms, mfu 27.50%
iter 53: loss 0.0033, time 537.38ms, mfu 27.50%
iter 54: loss 0.0033, time 538.59ms, mfu 27.50%
iter 55: loss 0.0032, time 537.35ms, mfu 27.51%
iter 56: loss 0.0034, time 535.07ms, mfu 27.53%
iter 57: loss 0.0033, time 532.97ms, mfu 27.55%
iter 58: loss 0.0032, time 533.51ms, mfu 27.57%
iter 59: loss 0.0032, time 534.11ms, mfu 27.59%
iter 60: loss 0.0033, time 531.32ms, mfu 27.62%
iter 61: loss 0.0032, time 537.32ms, mfu 27.61%
iter 62: loss 0.0031, time 531.21ms, mfu 27.64%
iter 63: loss 0.0031, time 533.19ms, mfu 27.66%
iter 64: loss 0.0031, time 537.42ms, mfu 27.65%
iter 65: loss 0.0033, time 532.21ms, mfu 27.66%
iter 66: loss 0.0031, time 533.68ms, mfu 27.67%
iter 67: loss 0.0031, time 541.19ms, mfu 27.64%
iter 68: loss 0.0032, time 537.67ms, mfu 27.63%
iter 69: loss 0.0032, time 534.62ms, mfu 27.64%
iter 70: loss 0.0032, time 530.92ms, mfu 27.67%
iter 71: loss 0.0030, time 543.10ms, mfu 27.63%
iter 72: loss 0.0032, time 536.87ms, mfu 27.62%
iter 73: loss 0.0031, time 536.04ms, mfu 27.63%
iter 74: loss 0.0030, time 538.61ms, mfu 27.61%
iter 75: loss 0.0031, time 532.81ms, mfu 27.63%
iter 76: loss 0.0031, time 537.80ms, mfu 27.62%
iter 77: loss 0.0030, time 533.49ms, mfu 27.64%
iter 78: loss 0.0031, time 540.10ms, mfu 27.62%
iter 79: loss 0.0031, time 537.70ms, mfu 27.61%
iter 80: loss 0.0031, time 537.91ms, mfu 27.60%
iter 81: loss 0.0030, time 532.47ms, mfu 27.62%
iter 82: loss 0.0030, time 536.23ms, mfu 27.62%
iter 83: loss 0.0030, time 535.65ms, mfu 27.63%
iter 84: loss 0.0032, time 532.08ms, mfu 27.65%
iter 85: loss 0.0029, time 534.56ms, mfu 27.65%
iter 86: loss 0.0030, time 532.85ms, mfu 27.67%
iter 87: loss 0.0031, time 537.02ms, mfu 27.66%
iter 88: loss 0.0029, time 538.70ms, mfu 27.64%
iter 89: loss 0.0029, time 537.74ms, mfu 27.63%
iter 90: loss 0.0030, time 536.34ms, mfu 27.63%
iter 91: loss 0.0030, time 530.71ms, mfu 27.66%
iter 92: loss 0.0030, time 536.39ms, mfu 27.66%
iter 93: loss 0.0030, time 537.79ms, mfu 27.64%
iter 94: loss 0.0030, time 537.38ms, mfu 27.64%
iter 95: loss 0.0031, time 533.80ms, mfu 27.65%
iter 96: loss 0.0030, time 528.98ms, mfu 27.68%
iter 97: loss 0.0030, time 532.49ms, mfu 27.70%
iter 98: loss 0.0030, time 540.65ms, mfu 27.67%
iter 99: loss 0.0030, time 535.83ms, mfu 27.66%
step 100: train loss 0.0030, val loss 0.0030
iter 100: loss 0.0030, time 36277.62ms, mfu 24.94%
iter 101: loss 0.0030, time 538.29ms, mfu 25.20%
iter 102: loss 0.0031, time 532.98ms, mfu 25.46%
iter 103: loss 0.0029, time 533.35ms, mfu 25.69%
iter 104: loss 0.0030, time 538.66ms, mfu 25.87%
iter 105: loss 0.0031, time 535.86ms, mfu 26.05%
iter 106: loss 0.0030, time 531.36ms, mfu 26.23%
iter 107: loss 0.0030, time 534.98ms, mfu 26.38%
iter 108: loss 0.0031, time 532.47ms, mfu 26.52%
iter 109: loss 0.0030, time 544.48ms, mfu 26.59%
iter 110: loss 0.0030, time 537.85ms, mfu 26.68%
iter 111: loss 0.0029, time 531.50ms, mfu 26.80%
iter 112: loss 0.0030, time 536.57ms, mfu 26.88%
iter 113: loss 0.0031, time 543.44ms, mfu 26.92%
iter 114: loss 0.0031, time 536.95ms, mfu 26.99%
iter 115: loss 0.0030, time 532.72ms, mfu 27.07%
iter 116: loss 0.0030, time 534.47ms, mfu 27.13%
iter 117: loss 0.0029, time 533.51ms, mfu 27.20%
iter 118: loss 0.0030, time 535.95ms, mfu 27.24%
iter 119: loss 0.0036, time 538.97ms, mfu 27.26%
iter 120: loss 0.0059, time 536.43ms, mfu 27.30%
iter 121: loss 0.0260, time 537.14ms, mfu 27.33%
iter 122: loss 0.5994, time 530.31ms, mfu 27.39%
iter 123: loss 10.9879, time 537.56ms, mfu 27.40%
iter 124: loss 4.6496, time 536.60ms, mfu 27.42%
iter 125: loss 3.4465, time 533.40ms, mfu 27.46%
iter 126: loss 3.8368, time 536.44ms, mfu 27.47%
iter 127: loss 3.2358, time 537.86ms, mfu 27.48%
iter 128: loss 3.1104, time 534.37ms, mfu 27.51%
iter 129: loss 3.2314, time 533.79ms, mfu 27.53%
iter 130: loss 3.0284, time 532.81ms, mfu 27.56%
iter 131: loss 2.7665, time 533.35ms, mfu 27.58%
iter 132: loss 2.6621, time 536.04ms, mfu 27.58%
iter 133: loss 2.6242, time 530.20ms, mfu 27.62%
iter 134: loss 2.6534, time 537.07ms, mfu 27.62%
iter 135: loss 2.6587, time 531.97ms, mfu 27.64%
iter 136: loss 2.6571, time 535.84ms, mfu 27.64%
iter 137: loss 2.6841, time 529.42ms, mfu 27.67%
iter 138: loss 2.6333, time 536.42ms, mfu 27.67%
iter 139: loss 2.6696, time 535.26ms, mfu 27.67%
iter 140: loss 2.6428, time 544.31ms, mfu 27.62%
iter 141: loss 2.5735, time 532.62ms, mfu 27.64%
iter 142: loss 2.5314, time 537.18ms, mfu 27.63%
iter 143: loss 2.5627, time 536.85ms, mfu 27.63%
iter 144: loss 2.4168, time 548.07ms, mfu 27.57%
iter 145: loss 2.2919, time 536.54ms, mfu 27.57%
iter 146: loss 2.2341, time 531.17ms, mfu 27.61%
iter 147: loss 2.0857, time 532.27ms, mfu 27.63%
iter 148: loss 1.9395, time 532.66ms, mfu 27.65%
iter 149: loss 1.8475, time 538.09ms, mfu 27.63%
iter 150: loss 1.6689, time 537.10ms, mfu 27.63%
iter 151: loss 1.4636, time 530.41ms, mfu 27.66%
iter 152: loss 1.2755, time 533.11ms, mfu 27.67%
iter 153: loss 1.0613, time 528.89ms, mfu 27.70%
iter 154: loss 0.9039, time 528.30ms, mfu 27.74%
iter 155: loss 0.8318, time 533.92ms, mfu 27.74%
iter 156: loss 0.7190, time 532.51ms, mfu 27.75%
iter 157: loss 0.6324, time 534.18ms, mfu 27.74%
iter 158: loss 0.5852, time 531.92ms, mfu 27.76%
iter 159: loss 0.5590, time 530.54ms, mfu 27.77%
iter 160: loss 0.4505, time 528.82ms, mfu 27.80%
iter 161: loss 0.3702, time 529.85ms, mfu 27.81%
iter 162: loss 0.3209, time 528.95ms, mfu 27.83%
iter 163: loss 0.3066, time 532.48ms, mfu 27.83%
iter 164: loss 0.2681, time 534.57ms, mfu 27.82%
iter 165: loss 0.2466, time 532.45ms, mfu 27.82%
iter 166: loss 0.2134, time 531.49ms, mfu 27.82%
iter 167: loss 0.1788, time 529.62ms, mfu 27.84%
iter 168: loss 0.1437, time 531.56ms, mfu 27.84%
iter 169: loss 0.1148, time 529.57ms, mfu 27.85%
iter 170: loss 0.1027, time 533.25ms, mfu 27.85%
iter 171: loss 0.0874, time 533.29ms, mfu 27.84%
iter 172: loss 0.0635, time 534.64ms, mfu 27.83%
iter 173: loss 0.0585, time 529.11ms, mfu 27.84%
iter 174: loss 0.0534, time 529.43ms, mfu 27.86%
iter 175: loss 0.0494, time 531.75ms, mfu 27.86%
iter 176: loss 0.0461, time 527.95ms, mfu 27.88%
iter 177: loss 0.0409, time 533.43ms, mfu 27.87%
iter 178: loss 0.0364, time 527.23ms, mfu 27.89%
iter 179: loss 0.0343, time 529.17ms, mfu 27.90%
iter 180: loss 0.0316, time 532.18ms, mfu 27.89%
iter 181: loss 0.0297, time 531.06ms, mfu 27.89%
iter 182: loss 0.0277, time 528.82ms, mfu 27.90%
iter 183: loss 0.0273, time 532.99ms, mfu 27.89%
iter 184: loss 0.0248, time 527.26ms, mfu 27.91%
iter 185: loss 0.0239, time 529.88ms, mfu 27.92%
iter 186: loss 0.0235, time 528.71ms, mfu 27.93%
iter 187: loss 0.0212, time 529.08ms, mfu 27.93%
iter 188: loss 0.0200, time 530.52ms, mfu 27.93%
iter 189: loss 0.0204, time 533.57ms, mfu 27.92%
iter 190: loss 0.0183, time 533.40ms, mfu 27.90%
iter 191: loss 0.0184, time 529.95ms, mfu 27.91%
iter 192: loss 0.0170, time 532.41ms, mfu 27.90%
iter 193: loss 0.0157, time 529.73ms, mfu 27.90%
iter 194: loss 0.0155, time 531.42ms, mfu 27.90%
iter 195: loss 0.0140, time 528.93ms, mfu 27.91%
iter 196: loss 0.0126, time 532.26ms, mfu 27.90%
iter 197: loss 0.0112, time 539.35ms, mfu 27.86%
iter 198: loss 0.0108, time 534.84ms, mfu 27.84%
iter 199: loss 0.0106, time 535.64ms, mfu 27.82%
step 200: train loss 0.0100, val loss 0.0100
iter 200: loss 0.0098, time 36275.73ms, mfu 25.08%
iter 201: loss 0.0098, time 532.90ms, mfu 25.35%
iter 202: loss 0.0095, time 534.62ms, mfu 25.59%
iter 203: loss 0.0089, time 531.99ms, mfu 25.81%
iter 204: loss 0.0087, time 533.10ms, mfu 26.01%
iter 205: loss 0.0079, time 531.37ms, mfu 26.20%
iter 206: loss 0.0076, time 531.58ms, mfu 26.37%
iter 207: loss 0.0078, time 531.88ms, mfu 26.51%
iter 208: loss 0.0075, time 535.83ms, mfu 26.63%
iter 209: loss 0.0065, time 533.89ms, mfu 26.74%
iter 210: loss 0.0062, time 537.64ms, mfu 26.82%
iter 211: loss 0.0060, time 541.07ms, mfu 26.88%
iter 212: loss 0.0055, time 534.17ms, mfu 26.96%
iter 213: loss 0.0054, time 529.90ms, mfu 27.06%
iter 214: loss 0.0055, time 536.27ms, mfu 27.12%
iter 215: loss 0.0051, time 529.90ms, mfu 27.20%
iter 216: loss 0.0048, time 532.17ms, mfu 27.26%
iter 217: loss 0.0051, time 533.45ms, mfu 27.31%
iter 218: loss 0.0048, time 540.03ms, mfu 27.33%
iter 219: loss 0.0044, time 565.14ms, mfu 27.21%
iter 220: loss 0.0045, time 532.90ms, mfu 27.27%
iter 221: loss 0.0044, time 529.13ms, mfu 27.34%
iter 222: loss 0.0044, time 529.09ms, mfu 27.41%
iter 223: loss 0.0044, time 530.23ms, mfu 27.46%
iter 224: loss 0.0042, time 532.12ms, mfu 27.50%
iter 225: loss 0.0044, time 529.97ms, mfu 27.54%
iter 226: loss 0.0043, time 530.68ms, mfu 27.58%
iter 227: loss 0.0039, time 528.07ms, mfu 27.63%
iter 228: loss 0.0040, time 531.89ms, mfu 27.65%
iter 229: loss 0.0038, time 529.72ms, mfu 27.68%
iter 230: loss 0.0042, time 531.10ms, mfu 27.70%
iter 231: loss 0.0040, time 530.84ms, mfu 27.72%
iter 232: loss 0.0039, time 531.02ms, mfu 27.74%
iter 233: loss 0.0040, time 531.34ms, mfu 27.75%
iter 234: loss 0.0042, time 527.46ms, mfu 27.79%
iter 235: loss 0.0038, time 529.06ms, mfu 27.81%
iter 236: loss 0.0037, time 526.96ms, mfu 27.84%
iter 237: loss 0.0035, time 530.78ms, mfu 27.85%
iter 238: loss 0.0035, time 530.53ms, mfu 27.85%
iter 239: loss 0.0035, time 537.82ms, mfu 27.82%
iter 240: loss 0.0036, time 531.17ms, mfu 27.83%
iter 241: loss 0.0034, time 533.10ms, mfu 27.82%
iter 242: loss 0.0035, time 557.92ms, mfu 27.70%
iter 243: loss 0.0035, time 531.04ms, mfu 27.72%
iter 244: loss 0.0050, time 528.64ms, mfu 27.75%
iter 245: loss 0.0033, time 529.25ms, mfu 27.77%
iter 246: loss 0.0034, time 531.64ms, mfu 27.78%
iter 247: loss 0.0034, time 531.06ms, mfu 27.79%
iter 248: loss 0.0034, time 531.22ms, mfu 27.80%
iter 249: loss 0.0038, time 534.52ms, mfu 27.79%
iter 250: loss 0.0037, time 534.52ms, mfu 27.78%
iter 251: loss 0.0035, time 532.85ms, mfu 27.79%
iter 252: loss 0.0034, time 532.34ms, mfu 27.79%
iter 253: loss 0.0033, time 540.29ms, mfu 27.75%
iter 254: loss 0.0034, time 537.89ms, mfu 27.73%
iter 255: loss 0.0045, time 531.06ms, mfu 27.75%
iter 256: loss 0.0048, time 535.01ms, mfu 27.74%
iter 257: loss 0.0045, time 528.81ms, mfu 27.77%
iter 258: loss 0.0043, time 533.21ms, mfu 27.77%
iter 259: loss 0.0037, time 532.04ms, mfu 27.78%
iter 260: loss 0.0034, time 534.64ms, mfu 27.77%
iter 261: loss 0.0035, time 532.34ms, mfu 27.78%
iter 262: loss 0.0034, time 529.93ms, mfu 27.79%
iter 263: loss 0.0032, time 527.49ms, mfu 27.82%
iter 264: loss 0.0035, time 532.52ms, mfu 27.82%
iter 265: loss 0.0040, time 530.24ms, mfu 27.83%
iter 266: loss 0.0035, time 530.47ms, mfu 27.84%
iter 267: loss 0.0036, time 530.87ms, mfu 27.85%
iter 268: loss 0.0058, time 536.38ms, mfu 27.82%
iter 269: loss 0.0834, time 530.21ms, mfu 27.84%
iter 270: loss 0.2629, time 530.85ms, mfu 27.84%
iter 271: loss 3.3162, time 528.32ms, mfu 27.86%
iter 272: loss 1.3620, time 533.75ms, mfu 27.85%
iter 273: loss 1.1967, time 531.22ms, mfu 27.85%
iter 274: loss 1.1881, time 529.83ms, mfu 27.86%
iter 275: loss 0.5700, time 530.35ms, mfu 27.87%
iter 276: loss 0.4527, time 531.90ms, mfu 27.87%
iter 277: loss 0.2955, time 533.02ms, mfu 27.86%
iter 278: loss 0.2773, time 530.80ms, mfu 27.87%
iter 279: loss 0.2327, time 537.42ms, mfu 27.84%
iter 280: loss 0.1545, time 536.58ms, mfu 27.81%
iter 281: loss 0.1851, time 532.69ms, mfu 27.81%
iter 282: loss 0.1199, time 532.93ms, mfu 27.81%
iter 283: loss 0.0945, time 532.96ms, mfu 27.81%
iter 284: loss 0.0933, time 530.59ms, mfu 27.82%
iter 285: loss 0.0787, time 530.53ms, mfu 27.83%
iter 286: loss 0.0683, time 527.69ms, mfu 27.85%
iter 287: loss 0.0563, time 533.39ms, mfu 27.85%
iter 288: loss 0.0524, time 537.31ms, mfu 27.82%
iter 289: loss 0.0462, time 534.30ms, mfu 27.81%
iter 290: loss 0.0413, time 531.54ms, mfu 27.81%
iter 291: loss 0.0415, time 528.82ms, mfu 27.83%
iter 292: loss 0.0417, time 535.65ms, mfu 27.82%
iter 293: loss 0.0386, time 534.43ms, mfu 27.81%
iter 294: loss 0.0355, time 529.45ms, mfu 27.82%
iter 295: loss 0.0336, time 531.01ms, mfu 27.83%
iter 296: loss 0.0319, time 533.30ms, mfu 27.82%
iter 297: loss 0.0319, time 534.04ms, mfu 27.82%
iter 298: loss 0.0304, time 535.60ms, mfu 27.80%
iter 299: loss 0.0292, time 528.82ms, mfu 27.82%
step 300: train loss 0.0282, val loss 0.0287
iter 300: loss 0.0295, time 36380.05ms, mfu 25.08%
iter 301: loss 0.0266, time 528.55ms, mfu 25.37%
iter 302: loss 0.0268, time 525.83ms, mfu 25.65%
iter 303: loss 0.0256, time 528.57ms, mfu 25.89%
iter 304: loss 0.0233, time 534.39ms, mfu 26.07%
iter 305: loss 0.0223, time 533.63ms, mfu 26.24%
iter 306: loss 0.0205, time 528.13ms, mfu 26.42%
iter 307: loss 0.0203, time 531.16ms, mfu 26.57%
iter 308: loss 0.0183, time 534.00ms, mfu 26.69%
iter 309: loss 0.0154, time 532.23ms, mfu 26.80%
iter 310: loss 0.0145, time 535.41ms, mfu 26.89%
iter 311: loss 0.0134, time 531.11ms, mfu 26.99%
iter 312: loss 0.0128, time 532.20ms, mfu 27.07%
iter 313: loss 0.0109, time 535.49ms, mfu 27.13%
iter 314: loss 0.0109, time 533.01ms, mfu 27.20%
iter 315: loss 0.0102, time 531.45ms, mfu 27.26%
iter 316: loss 0.0087, time 529.07ms, mfu 27.34%
iter 317: loss 0.0088, time 529.19ms, mfu 27.40%
iter 318: loss 0.0087, time 542.52ms, mfu 27.39%
iter 319: loss 0.0085, time 534.76ms, mfu 27.42%
iter 320: loss 0.0085, time 529.55ms, mfu 27.48%
iter 321: loss 0.0079, time 531.35ms, mfu 27.52%
iter 322: loss 0.0079, time 530.50ms, mfu 27.56%
iter 323: loss 0.0076, time 530.52ms, mfu 27.60%
iter 324: loss 0.0069, time 530.54ms, mfu 27.63%
iter 325: loss 0.0060, time 537.42ms, mfu 27.62%
iter 326: loss 0.0067, time 530.11ms, mfu 27.65%
iter 327: loss 0.0063, time 533.02ms, mfu 27.67%
iter 328: loss 0.0065, time 536.24ms, mfu 27.66%
iter 329: loss 0.0061, time 532.51ms, mfu 27.68%
iter 330: loss 0.0059, time 533.05ms, mfu 27.69%
iter 331: loss 0.0056, time 533.67ms, mfu 27.70%
iter 332: loss 0.0061, time 536.06ms, mfu 27.69%
iter 333: loss 0.0057, time 536.29ms, mfu 27.68%
iter 334: loss 0.0051, time 533.66ms, mfu 27.69%
iter 335: loss 0.0048, time 531.92ms, mfu 27.71%
iter 336: loss 0.0051, time 529.63ms, mfu 27.73%
iter 337: loss 0.0054, time 545.66ms, mfu 27.67%
iter 338: loss 0.0048, time 534.58ms, mfu 27.68%
iter 339: loss 0.0049, time 532.92ms, mfu 27.69%
iter 340: loss 0.0045, time 533.63ms, mfu 27.70%
iter 341: loss 0.0044, time 532.23ms, mfu 27.71%
iter 342: loss 0.0042, time 531.62ms, mfu 27.72%
iter 343: loss 0.0041, time 528.05ms, mfu 27.76%
iter 344: loss 0.0041, time 534.70ms, mfu 27.75%
iter 345: loss 0.0040, time 527.02ms, mfu 27.79%
iter 346: loss 0.0036, time 529.67ms, mfu 27.81%
iter 347: loss 0.0038, time 526.68ms, mfu 27.84%
iter 348: loss 0.0036, time 529.21ms, mfu 27.85%
iter 349: loss 0.0036, time 531.00ms, mfu 27.86%
iter 350: loss 0.0034, time 530.51ms, mfu 27.86%
iter 351: loss 0.0033, time 530.18ms, mfu 27.87%
iter 352: loss 0.0034, time 535.12ms, mfu 27.85%
iter 353: loss 0.0033, time 535.10ms, mfu 27.83%
iter 354: loss 0.0033, time 531.16ms, mfu 27.84%
iter 355: loss 0.0033, time 533.34ms, mfu 27.83%
iter 356: loss 0.0037, time 527.38ms, mfu 27.86%
iter 357: loss 0.0035, time 533.48ms, mfu 27.85%
iter 358: loss 0.0034, time 530.78ms, mfu 27.86%
iter 359: loss 0.0035, time 527.79ms, mfu 27.88%
iter 360: loss 0.0040, time 530.39ms, mfu 27.88%
iter 361: loss 0.0034, time 533.69ms, mfu 27.87%
iter 362: loss 0.0032, time 533.14ms, mfu 27.86%
iter 363: loss 0.0034, time 532.32ms, mfu 27.86%
iter 364: loss 0.0033, time 528.79ms, mfu 27.87%
iter 365: loss 0.0034, time 530.25ms, mfu 27.88%
iter 366: loss 0.0034, time 530.81ms, mfu 27.88%
iter 367: loss 0.0037, time 529.24ms, mfu 27.89%
iter 368: loss 0.0034, time 532.51ms, mfu 27.88%
iter 369: loss 0.0036, time 530.24ms, mfu 27.89%
iter 370: loss 0.0032, time 533.85ms, mfu 27.88%
iter 371: loss 0.0032, time 535.14ms, mfu 27.86%
iter 372: loss 0.0037, time 534.59ms, mfu 27.84%
iter 373: loss 0.0033, time 534.92ms, mfu 27.83%
iter 374: loss 0.0040, time 529.82ms, mfu 27.84%
iter 375: loss 0.0041, time 524.73ms, mfu 27.88%
iter 376: loss 0.0034, time 533.02ms, mfu 27.87%
iter 377: loss 0.0033, time 529.11ms, mfu 27.88%
iter 378: loss 0.0032, time 538.97ms, mfu 27.84%
iter 379: loss 0.0033, time 536.37ms, mfu 27.82%
iter 380: loss 0.0033, time 533.32ms, mfu 27.82%
iter 381: loss 0.0033, time 533.56ms, mfu 27.81%
iter 382: loss 0.0033, time 532.43ms, mfu 27.81%
iter 383: loss 0.0034, time 527.82ms, mfu 27.84%
iter 384: loss 0.0031, time 528.94ms, mfu 27.85%
iter 385: loss 0.0032, time 531.90ms, mfu 27.85%
iter 386: loss 0.0034, time 531.81ms, mfu 27.85%
iter 387: loss 0.0033, time 533.10ms, mfu 27.85%
iter 388: loss 0.0034, time 531.48ms, mfu 27.85%
iter 389: loss 0.0037, time 533.18ms, mfu 27.84%
iter 390: loss 0.0039, time 537.84ms, mfu 27.81%
iter 391: loss 0.0033, time 533.55ms, mfu 27.81%
iter 392: loss 0.0032, time 533.62ms, mfu 27.80%
iter 393: loss 0.0038, time 556.59ms, mfu 27.68%
iter 394: loss 0.0037, time 533.03ms, mfu 27.69%
iter 395: loss 0.0033, time 526.66ms, mfu 27.74%
iter 396: loss 0.0035, time 537.14ms, mfu 27.72%
iter 397: loss 0.0034, time 533.03ms, mfu 27.73%
iter 398: loss 0.0044, time 535.67ms, mfu 27.72%
iter 399: loss 0.0036, time 532.36ms, mfu 27.73%
step 400: train loss 0.0033, val loss 0.0033
iter 400: loss 0.0034, time 36192.68ms, mfu 25.00%
iter 401: loss 0.0035, time 527.88ms, mfu 25.30%
iter 402: loss 0.0039, time 534.69ms, mfu 25.54%
iter 403: loss 0.0043, time 528.96ms, mfu 25.79%
iter 404: loss 0.0039, time 532.24ms, mfu 25.99%
iter 405: loss 0.0055, time 545.75ms, mfu 26.11%
iter 406: loss 0.0038, time 530.49ms, mfu 26.29%
iter 407: loss 0.0039, time 530.35ms, mfu 26.45%
iter 408: loss 0.0047, time 532.56ms, mfu 26.59%
iter 409: loss 0.0042, time 534.09ms, mfu 26.71%
iter 410: loss 0.0040, time 534.17ms, mfu 26.81%
iter 411: loss 0.0042, time 530.46ms, mfu 26.92%
iter 412: loss 0.0036, time 528.52ms, mfu 27.03%
iter 413: loss 0.0036, time 534.47ms, mfu 27.10%
iter 414: loss 0.0035, time 525.96ms, mfu 27.20%
iter 415: loss 0.0041, time 528.04ms, mfu 27.29%
iter 416: loss 0.0039, time 527.57ms, mfu 27.37%
iter 417: loss 0.0056, time 528.00ms, mfu 27.44%
iter 418: loss 0.2616, time 530.84ms, mfu 27.48%
iter 419: loss 0.1598, time 536.11ms, mfu 27.50%
iter 420: loss 0.0137, time 532.09ms, mfu 27.53%
iter 421: loss 0.2044, time 536.56ms, mfu 27.54%
iter 422: loss 0.7827, time 528.30ms, mfu 27.59%
iter 423: loss 0.4165, time 532.27ms, mfu 27.61%
iter 424: loss 0.1380, time 530.56ms, mfu 27.64%
iter 425: loss 0.2732, time 531.58ms, mfu 27.67%
iter 426: loss 0.1745, time 532.94ms, mfu 27.68%
iter 427: loss 0.2026, time 529.57ms, mfu 27.71%
iter 428: loss 0.1068, time 534.58ms, mfu 27.71%
iter 429: loss 0.1750, time 535.81ms, mfu 27.70%
iter 430: loss 0.0686, time 533.71ms, mfu 27.71%
iter 431: loss 0.0450, time 537.83ms, mfu 27.69%
iter 432: loss 0.0435, time 527.65ms, mfu 27.73%
iter 433: loss 0.0390, time 531.17ms, mfu 27.74%
iter 434: loss 0.0336, time 531.18ms, mfu 27.76%
iter 435: loss 0.0301, time 531.44ms, mfu 27.77%
iter 436: loss 0.0290, time 531.65ms, mfu 27.78%
iter 437: loss 0.0231, time 530.92ms, mfu 27.79%
iter 438: loss 0.0184, time 532.81ms, mfu 27.79%
iter 439: loss 0.0177, time 527.70ms, mfu 27.82%
iter 440: loss 0.0162, time 533.78ms, mfu 27.81%
iter 441: loss 0.0150, time 531.26ms, mfu 27.82%
iter 442: loss 0.0138, time 532.71ms, mfu 27.82%
iter 443: loss 0.0128, time 530.47ms, mfu 27.83%
iter 444: loss 0.0115, time 533.27ms, mfu 27.82%
iter 445: loss 0.0094, time 531.66ms, mfu 27.83%
iter 446: loss 0.0092, time 530.10ms, mfu 27.84%
iter 447: loss 0.0090, time 526.95ms, mfu 27.87%
iter 448: loss 0.0087, time 531.54ms, mfu 27.87%
iter 449: loss 0.0079, time 531.49ms, mfu 27.87%
iter 450: loss 0.0103, time 531.50ms, mfu 27.87%
iter 451: loss 0.0088, time 532.39ms, mfu 27.86%
iter 452: loss 0.0079, time 529.72ms, mfu 27.87%
iter 453: loss 0.0068, time 531.01ms, mfu 27.88%
iter 454: loss 0.0074, time 530.76ms, mfu 27.88%
iter 455: loss 0.0069, time 535.19ms, mfu 27.86%
iter 456: loss 0.0067, time 531.25ms, mfu 27.86%
iter 457: loss 0.0058, time 529.13ms, mfu 27.87%
iter 458: loss 0.0057, time 584.30ms, mfu 27.62%
iter 459: loss 0.0056, time 538.03ms, mfu 27.61%
iter 460: loss 0.0053, time 536.37ms, mfu 27.61%
iter 461: loss 0.0054, time 535.03ms, mfu 27.62%
iter 462: loss 0.0052, time 530.63ms, mfu 27.65%
iter 463: loss 0.0049, time 531.85ms, mfu 27.67%
iter 464: loss 0.0046, time 530.22ms, mfu 27.70%
iter 465: loss 0.0049, time 530.75ms, mfu 27.72%
iter 466: loss 0.0047, time 531.35ms, mfu 27.73%
iter 467: loss 0.0046, time 530.54ms, mfu 27.75%
iter 468: loss 0.0043, time 533.95ms, mfu 27.75%
iter 469: loss 0.0044, time 532.35ms, mfu 27.76%
iter 470: loss 0.0041, time 530.83ms, mfu 27.77%
iter 471: loss 0.0043, time 530.00ms, mfu 27.79%
iter 472: loss 0.0040, time 531.16ms, mfu 27.80%
iter 473: loss 0.0039, time 531.04ms, mfu 27.81%
iter 474: loss 0.0041, time 539.59ms, mfu 27.77%
iter 475: loss 0.0040, time 524.76ms, mfu 27.82%
iter 476: loss 0.0040, time 532.14ms, mfu 27.82%
iter 477: loss 0.0037, time 528.87ms, mfu 27.84%
iter 478: loss 0.0040, time 535.88ms, mfu 27.82%
iter 479: loss 0.0038, time 530.90ms, mfu 27.83%
iter 480: loss 0.0038, time 532.48ms, mfu 27.83%
iter 481: loss 0.0036, time 532.46ms, mfu 27.83%
iter 482: loss 0.0037, time 534.79ms, mfu 27.81%
iter 483: loss 0.0043, time 527.94ms, mfu 27.84%
iter 484: loss 0.0039, time 531.51ms, mfu 27.84%
iter 485: loss 0.0038, time 530.71ms, mfu 27.85%
iter 486: loss 0.0042, time 527.26ms, mfu 27.87%
iter 487: loss 0.0044, time 530.02ms, mfu 27.88%
iter 488: loss 0.0038, time 528.96ms, mfu 27.89%
iter 489: loss 0.0039, time 528.96ms, mfu 27.90%
iter 490: loss 0.0034, time 533.79ms, mfu 27.89%
iter 491: loss 0.0031, time 531.69ms, mfu 27.89%
iter 492: loss 0.0035, time 534.16ms, mfu 27.87%
iter 493: loss 0.0036, time 532.66ms, mfu 27.86%
iter 494: loss 0.0035, time 532.00ms, mfu 27.86%
iter 495: loss 0.0034, time 527.19ms, mfu 27.89%
iter 496: loss 0.0031, time 544.28ms, mfu 27.82%
iter 497: loss 0.0033, time 555.03ms, mfu 27.71%
iter 498: loss 0.0032, time 528.25ms, mfu 27.74%
iter 499: loss 0.0034, time 531.80ms, mfu 27.75%
step 500: train loss 0.0033, val loss 0.0033
iter 500: loss 0.0033, time 36399.64ms, mfu 25.02%
iter 501: loss 0.0033, time 535.31ms, mfu 25.28%
iter 502: loss 0.0033, time 531.98ms, mfu 25.54%
iter 503: loss 0.0031, time 529.21ms, mfu 25.78%
iter 504: loss 0.0032, time 529.67ms, mfu 26.00%
iter 505: loss 0.0031, time 528.25ms, mfu 26.21%
iter 506: loss 0.0032, time 528.02ms, mfu 26.39%
iter 507: loss 0.0031, time 528.43ms, mfu 26.55%
iter 508: loss 0.0031, time 533.92ms, mfu 26.67%
iter 509: loss 0.0031, time 533.30ms, mfu 26.78%
iter 510: loss 0.0031, time 527.46ms, mfu 26.91%
iter 511: loss 0.0031, time 536.80ms, mfu 26.98%
iter 512: loss 0.0031, time 530.64ms, mfu 27.07%
iter 513: loss 0.0030, time 529.03ms, mfu 27.17%
iter 514: loss 0.0030, time 544.36ms, mfu 27.17%
iter 515: loss 0.0031, time 531.16ms, mfu 27.24%
iter 516: loss 0.0031, time 527.42ms, mfu 27.33%
iter 517: loss 0.0031, time 525.75ms, mfu 27.41%
iter 518: loss 0.0030, time 528.20ms, mfu 27.48%
iter 519: loss 0.0029, time 528.22ms, mfu 27.53%
iter 520: loss 0.0031, time 531.25ms, mfu 27.57%
iter 521: loss 0.0029, time 530.05ms, mfu 27.61%
iter 522: loss 0.0030, time 529.68ms, mfu 27.64%
iter 523: loss 0.0030, time 541.97ms, mfu 27.61%
iter 524: loss 0.0031, time 528.80ms, mfu 27.65%
iter 525: loss 0.0030, time 533.12ms, mfu 27.66%
iter 526: loss 0.0031, time 531.73ms, mfu 27.68%
iter 527: loss 0.0030, time 530.49ms, mfu 27.71%
iter 528: loss 0.0030, time 544.61ms, mfu 27.66%
iter 529: loss 0.0030, time 529.98ms, mfu 27.69%
iter 530: loss 0.0031, time 534.14ms, mfu 27.69%
iter 531: loss 0.0031, time 532.11ms, mfu 27.70%
iter 532: loss 0.0030, time 529.34ms, mfu 27.73%
iter 533: loss 0.0030, time 529.76ms, mfu 27.76%
iter 534: loss 0.0030, time 530.60ms, mfu 27.77%
iter 535: loss 0.0032, time 531.10ms, mfu 27.78%
iter 536: loss 0.0030, time 530.80ms, mfu 27.80%
iter 537: loss 0.0032, time 534.29ms, mfu 27.79%
iter 538: loss 0.0031, time 528.14ms, mfu 27.81%
iter 539: loss 0.0032, time 528.56ms, mfu 27.84%
iter 540: loss 0.0030, time 531.95ms, mfu 27.84%
iter 541: loss 0.0032, time 532.72ms, mfu 27.83%
iter 542: loss 0.0030, time 530.35ms, mfu 27.84%
iter 543: loss 0.0031, time 536.44ms, mfu 27.82%
iter 544: loss 0.0031, time 533.25ms, mfu 27.82%
iter 545: loss 0.0030, time 530.76ms, mfu 27.83%
iter 546: loss 0.0030, time 528.72ms, mfu 27.84%
iter 547: loss 0.0030, time 529.55ms, mfu 27.86%
iter 548: loss 0.0031, time 528.93ms, mfu 27.87%
iter 549: loss 0.0031, time 534.08ms, mfu 27.86%
iter 550: loss 0.0031, time 528.24ms, mfu 27.88%
iter 551: loss 0.0030, time 526.24ms, mfu 27.90%
iter 552: loss 0.0031, time 526.88ms, mfu 27.92%
iter 553: loss 0.0030, time 526.06ms, mfu 27.95%
iter 554: loss 0.0032, time 521.86ms, mfu 27.99%
iter 555: loss 0.0030, time 528.94ms, mfu 27.99%
iter 556: loss 0.0030, time 522.47ms, mfu 28.03%
iter 557: loss 0.0031, time 535.04ms, mfu 27.99%
iter 558: loss 0.0029, time 526.47ms, mfu 28.01%
iter 559: loss 0.0030, time 527.90ms, mfu 28.01%
iter 560: loss 0.0031, time 526.18ms, mfu 28.03%
iter 561: loss 0.0031, time 529.51ms, mfu 28.02%
iter 562: loss 0.0030, time 527.75ms, mfu 28.03%
iter 563: loss 0.0030, time 526.47ms, mfu 28.04%
iter 564: loss 0.0032, time 526.60ms, mfu 28.05%
iter 565: loss 0.0032, time 530.51ms, mfu 28.03%
iter 566: loss 0.0032, time 528.89ms, mfu 28.03%
iter 567: loss 0.0032, time 531.62ms, mfu 28.01%
iter 568: loss 0.0032, time 529.37ms, mfu 28.01%
iter 569: loss 0.0031, time 532.16ms, mfu 27.99%
iter 570: loss 0.0031, time 529.20ms, mfu 27.99%
iter 571: loss 0.0032, time 527.83ms, mfu 28.00%
iter 572: loss 0.0030, time 529.85ms, mfu 28.00%
iter 573: loss 0.0031, time 525.89ms, mfu 28.01%
iter 574: loss 0.0030, time 530.13ms, mfu 28.01%
iter 575: loss 0.0030, time 531.70ms, mfu 27.99%
iter 576: loss 0.0031, time 531.91ms, mfu 27.98%
iter 577: loss 0.0032, time 526.78ms, mfu 27.99%
iter 578: loss 0.0031, time 530.33ms, mfu 27.99%
iter 579: loss 0.0031, time 523.54ms, mfu 28.02%
iter 580: loss 0.0031, time 530.40ms, mfu 28.01%
iter 581: loss 0.0029, time 532.79ms, mfu 27.99%
iter 582: loss 0.0030, time 533.10ms, mfu 27.97%
iter 583: loss 0.0032, time 534.72ms, mfu 27.94%
iter 584: loss 0.0030, time 530.40ms, mfu 27.94%
iter 585: loss 0.0032, time 534.71ms, mfu 27.92%
iter 586: loss 0.0032, time 526.05ms, mfu 27.94%
iter 587: loss 0.0033, time 527.56ms, mfu 27.95%
iter 588: loss 0.0032, time 535.78ms, mfu 27.92%
iter 589: loss 0.0031, time 528.30ms, mfu 27.93%
iter 590: loss 0.0033, time 525.89ms, mfu 27.96%
iter 591: loss 0.0034, time 535.96ms, mfu 27.93%
iter 592: loss 0.0034, time 536.54ms, mfu 27.89%
iter 593: loss 0.0036, time 526.69ms, mfu 27.92%
iter 594: loss 0.0041, time 526.69ms, mfu 27.94%
iter 595: loss 0.0042, time 525.35ms, mfu 27.96%
iter 596: loss 0.0061, time 531.07ms, mfu 27.96%
iter 597: loss 0.0845, time 525.51ms, mfu 27.98%
iter 598: loss 1.1715, time 535.29ms, mfu 27.95%
iter 599: loss 0.1762, time 527.24ms, mfu 27.96%
step 600: train loss 0.6729, val loss 0.6771
iter 600: loss 0.6717, time 36233.38ms, mfu 25.21%
iter 601: loss 0.3543, time 527.72ms, mfu 25.49%
iter 602: loss 0.0651, time 525.56ms, mfu 25.76%
iter 603: loss 0.0434, time 529.47ms, mfu 25.98%
iter 604: loss 0.0420, time 528.57ms, mfu 26.19%
iter 605: loss 0.0560, time 544.67ms, mfu 26.29%
iter 606: loss 0.0283, time 527.36ms, mfu 26.47%
iter 607: loss 0.0317, time 526.30ms, mfu 26.64%
iter 608: loss 0.0340, time 526.03ms, mfu 26.79%
iter 609: loss 0.0230, time 527.85ms, mfu 26.92%
iter 610: loss 0.0194, time 532.82ms, mfu 27.00%
iter 611: loss 0.0182, time 526.99ms, mfu 27.12%
iter 612: loss 0.0157, time 539.85ms, mfu 27.15%
iter 613: loss 0.0146, time 528.74ms, mfu 27.23%
iter 614: loss 0.0129, time 526.69ms, mfu 27.32%
iter 615: loss 0.0124, time 526.30ms, mfu 27.41%
iter 616: loss 0.0117, time 524.70ms, mfu 27.49%
iter 617: loss 0.0120, time 527.31ms, mfu 27.55%
iter 618: loss 0.0102, time 528.64ms, mfu 27.60%
iter 619: loss 0.0086, time 527.32ms, mfu 27.64%
iter 620: loss 0.0081, time 531.36ms, mfu 27.67%
iter 621: loss 0.0073, time 523.25ms, mfu 27.73%
iter 622: loss 0.0071, time 530.91ms, mfu 27.75%
iter 623: loss 0.0066, time 526.41ms, mfu 27.79%
iter 624: loss 0.0060, time 527.33ms, mfu 27.82%
iter 625: loss 0.0055, time 530.69ms, mfu 27.83%
iter 626: loss 0.0051, time 528.19ms, mfu 27.85%
iter 627: loss 0.0051, time 530.00ms, mfu 27.86%
iter 628: loss 0.0050, time 530.13ms, mfu 27.87%
iter 629: loss 0.0047, time 528.84ms, mfu 27.88%
iter 630: loss 0.0049, time 527.29ms, mfu 27.90%
iter 631: loss 0.0049, time 527.03ms, mfu 27.92%
iter 632: loss 0.0046, time 525.75ms, mfu 27.95%
iter 633: loss 0.0042, time 531.99ms, mfu 27.94%
iter 634: loss 0.0047, time 526.00ms, mfu 27.96%
iter 635: loss 0.0041, time 532.83ms, mfu 27.94%
iter 636: loss 0.0043, time 525.14ms, mfu 27.97%
iter 637: loss 0.0049, time 532.27ms, mfu 27.96%
iter 638: loss 0.0052, time 526.90ms, mfu 27.97%
iter 639: loss 0.0054, time 530.82ms, mfu 27.97%
iter 640: loss 0.0050, time 527.75ms, mfu 27.98%
iter 641: loss 0.0049, time 527.41ms, mfu 27.99%
iter 642: loss 0.0049, time 527.44ms, mfu 28.00%
iter 643: loss 0.0047, time 525.27ms, mfu 28.02%
iter 644: loss 0.0051, time 524.69ms, mfu 28.04%
iter 645: loss 0.0046, time 529.49ms, mfu 28.03%
iter 646: loss 0.0039, time 527.24ms, mfu 28.04%
iter 647: loss 0.0041, time 528.59ms, mfu 28.04%
iter 648: loss 0.0037, time 534.00ms, mfu 28.01%
iter 649: loss 0.0040, time 524.95ms, mfu 28.03%
iter 650: loss 0.0036, time 530.50ms, mfu 28.02%
iter 651: loss 0.0035, time 529.34ms, mfu 28.01%
iter 652: loss 0.0036, time 527.58ms, mfu 28.02%
iter 653: loss 0.0036, time 526.29ms, mfu 28.03%
iter 654: loss 0.0041, time 529.63ms, mfu 28.03%
iter 655: loss 0.0040, time 519.88ms, mfu 28.07%
iter 656: loss 0.0037, time 526.78ms, mfu 28.08%
iter 657: loss 0.0043, time 528.10ms, mfu 28.07%
iter 658: loss 0.0036, time 531.53ms, mfu 28.05%
iter 659: loss 0.0035, time 532.11ms, mfu 28.03%
iter 660: loss 0.0033, time 531.38ms, mfu 28.02%
iter 661: loss 0.0044, time 525.39ms, mfu 28.03%
iter 662: loss 0.0034, time 524.99ms, mfu 28.05%
iter 663: loss 0.0033, time 532.85ms, mfu 28.03%
iter 664: loss 0.0032, time 527.64ms, mfu 28.03%
iter 665: loss 0.0035, time 528.36ms, mfu 28.03%
iter 666: loss 0.0035, time 529.14ms, mfu 28.03%
iter 667: loss 0.0036, time 524.71ms, mfu 28.05%
iter 668: loss 0.0034, time 551.33ms, mfu 27.93%
iter 669: loss 0.0033, time 531.76ms, mfu 27.92%
iter 670: loss 0.0033, time 535.69ms, mfu 27.90%
iter 671: loss 0.0033, time 530.32ms, mfu 27.90%
iter 672: loss 0.0034, time 524.15ms, mfu 27.94%
iter 673: loss 0.0032, time 550.78ms, mfu 27.83%
iter 674: loss 0.0034, time 574.64ms, mfu 27.63%
iter 675: loss 0.0036, time 530.11ms, mfu 27.66%
iter 676: loss 0.0034, time 535.81ms, mfu 27.66%
iter 677: loss 0.0033, time 530.14ms, mfu 27.68%
iter 678: loss 0.0034, time 530.72ms, mfu 27.71%
iter 679: loss 0.0033, time 525.20ms, mfu 27.76%
iter 680: loss 0.0035, time 532.69ms, mfu 27.76%
iter 681: loss 0.0033, time 529.53ms, mfu 27.78%
iter 682: loss 0.0034, time 531.53ms, mfu 27.79%
iter 683: loss 0.0035, time 527.38ms, mfu 27.82%
iter 684: loss 0.0033, time 532.23ms, mfu 27.82%
iter 685: loss 0.0031, time 526.41ms, mfu 27.85%
iter 686: loss 0.0032, time 530.82ms, mfu 27.86%
iter 687: loss 0.0031, time 525.27ms, mfu 27.89%
iter 688: loss 0.0031, time 526.27ms, mfu 27.92%
iter 689: loss 0.0033, time 522.49ms, mfu 27.96%
iter 690: loss 0.0035, time 521.18ms, mfu 28.01%
iter 691: loss 0.0043, time 522.43ms, mfu 28.04%
iter 692: loss 0.0037, time 521.09ms, mfu 28.08%
iter 693: loss 0.0039, time 526.82ms, mfu 28.08%
iter 694: loss 0.0037, time 522.63ms, mfu 28.11%
iter 695: loss 0.0035, time 521.68ms, mfu 28.14%
iter 696: loss 0.0036, time 528.55ms, mfu 28.13%
iter 697: loss 0.0035, time 526.01ms, mfu 28.13%
iter 698: loss 0.0036, time 521.92ms, mfu 28.16%
iter 699: loss 0.0037, time 524.33ms, mfu 28.17%
step 700: train loss 0.0038, val loss 0.0038
iter 700: loss 0.0039, time 35865.77ms, mfu 25.39%
iter 701: loss 0.0038, time 519.13ms, mfu 25.70%
iter 702: loss 0.0040, time 525.59ms, mfu 25.95%
iter 703: loss 0.0040, time 524.28ms, mfu 26.18%
iter 704: loss 0.0037, time 526.77ms, mfu 26.38%
iter 705: loss 0.0037, time 522.03ms, mfu 26.58%
iter 706: loss 0.0042, time 525.80ms, mfu 26.74%
iter 707: loss 0.0036, time 523.31ms, mfu 26.89%
iter 708: loss 0.0038, time 524.83ms, mfu 27.03%
iter 709: loss 0.0034, time 529.25ms, mfu 27.12%
iter 710: loss 0.0034, time 530.53ms, mfu 27.20%
iter 711: loss 0.0036, time 529.19ms, mfu 27.28%
iter 712: loss 0.0037, time 530.93ms, mfu 27.34%
iter 713: loss 0.0035, time 537.61ms, mfu 27.36%
iter 714: loss 0.0037, time 526.33ms, mfu 27.44%
iter 715: loss 0.0037, time 526.73ms, mfu 27.51%
iter 716: loss 0.0039, time 529.31ms, mfu 27.56%
iter 717: loss 0.0040, time 520.91ms, mfu 27.65%
iter 718: loss 0.0038, time 523.52ms, mfu 27.71%
iter 719: loss 0.0045, time 525.67ms, mfu 27.76%
iter 720: loss 0.0041, time 529.12ms, mfu 27.78%
iter 721: loss 0.0047, time 523.31ms, mfu 27.83%
iter 722: loss 0.0046, time 524.31ms, mfu 27.88%
iter 723: loss 0.0057, time 527.90ms, mfu 27.89%
iter 724: loss 0.0054, time 527.63ms, mfu 27.91%
iter 725: loss 0.0048, time 525.23ms, mfu 27.94%
iter 726: loss 0.0121, time 529.77ms, mfu 27.94%
iter 727: loss 0.0154, time 526.70ms, mfu 27.96%
iter 728: loss 0.1292, time 528.18ms, mfu 27.97%
iter 729: loss 0.0806, time 526.32ms, mfu 27.99%
iter 730: loss 0.1114, time 525.21ms, mfu 28.01%
iter 731: loss 0.0629, time 531.82ms, mfu 27.99%
iter 732: loss 0.0206, time 526.21ms, mfu 28.01%
iter 733: loss 0.0640, time 523.67ms, mfu 28.04%
iter 734: loss 0.0307, time 522.55ms, mfu 28.07%
iter 735: loss 0.0661, time 524.46ms, mfu 28.08%
iter 736: loss 0.0292, time 525.19ms, mfu 28.10%
iter 737: loss 0.0298, time 526.36ms, mfu 28.10%
iter 738: loss 0.0301, time 525.71ms, mfu 28.11%
iter 739: loss 0.0323, time 528.03ms, mfu 28.10%
iter 740: loss 0.0315, time 527.36ms, mfu 28.10%
iter 741: loss 0.0281, time 524.68ms, mfu 28.11%
iter 742: loss 0.0235, time 529.45ms, mfu 28.10%
iter 743: loss 0.0245, time 527.66ms, mfu 28.10%
iter 744: loss 0.0212, time 528.48ms, mfu 28.09%
iter 745: loss 0.0177, time 528.76ms, mfu 28.08%
iter 746: loss 0.0174, time 528.34ms, mfu 28.08%
iter 747: loss 0.0203, time 529.09ms, mfu 28.07%
iter 748: loss 0.0144, time 530.41ms, mfu 28.06%
iter 749: loss 0.0157, time 532.30ms, mfu 28.03%
iter 750: loss 0.0141, time 527.98ms, mfu 28.04%
iter 751: loss 0.0127, time 530.87ms, mfu 28.02%
iter 752: loss 0.0121, time 526.76ms, mfu 28.03%
iter 753: loss 0.0110, time 527.51ms, mfu 28.04%
iter 754: loss 0.0096, time 529.36ms, mfu 28.03%
iter 755: loss 0.0087, time 526.41ms, mfu 28.04%
iter 756: loss 0.0078, time 521.51ms, mfu 28.08%
iter 757: loss 0.0069, time 524.20ms, mfu 28.10%
iter 758: loss 0.0062, time 531.66ms, mfu 28.07%
iter 759: loss 0.0068, time 522.11ms, mfu 28.10%
iter 760: loss 0.0063, time 527.50ms, mfu 28.10%
iter 761: loss 0.0061, time 536.72ms, mfu 28.05%
iter 762: loss 0.0060, time 542.27ms, mfu 27.98%
iter 763: loss 0.0060, time 527.50ms, mfu 27.99%
iter 764: loss 0.0050, time 526.32ms, mfu 28.00%
iter 765: loss 0.0046, time 522.57ms, mfu 28.04%
iter 766: loss 0.0046, time 530.86ms, mfu 28.02%
iter 767: loss 0.0044, time 521.61ms, mfu 28.06%
iter 768: loss 0.0042, time 529.39ms, mfu 28.05%
iter 769: loss 0.0042, time 524.26ms, mfu 28.07%
iter 770: loss 0.0039, time 527.01ms, mfu 28.08%
iter 771: loss 0.0047, time 525.72ms, mfu 28.09%
iter 772: loss 0.0039, time 528.32ms, mfu 28.08%
iter 773: loss 0.0039, time 525.62ms, mfu 28.09%
iter 774: loss 0.0039, time 527.93ms, mfu 28.09%
iter 775: loss 0.0038, time 529.35ms, mfu 28.08%
iter 776: loss 0.0037, time 521.55ms, mfu 28.11%
iter 777: loss 0.0040, time 527.55ms, mfu 28.11%
iter 778: loss 0.0040, time 534.94ms, mfu 28.07%
iter 779: loss 0.0040, time 533.37ms, mfu 28.04%
iter 780: loss 0.0038, time 524.77ms, mfu 28.06%
iter 781: loss 0.0036, time 524.25ms, mfu 28.08%
iter 782: loss 0.0040, time 529.50ms, mfu 28.07%
iter 783: loss 0.0040, time 521.83ms, mfu 28.10%
iter 784: loss 0.0039, time 524.43ms, mfu 28.11%
iter 785: loss 0.0040, time 524.35ms, mfu 28.13%
iter 786: loss 0.0038, time 527.04ms, mfu 28.12%
iter 787: loss 0.0041, time 525.84ms, mfu 28.13%
iter 788: loss 0.0039, time 529.19ms, mfu 28.11%
iter 789: loss 0.0037, time 525.31ms, mfu 28.12%
iter 790: loss 0.0040, time 532.76ms, mfu 28.09%
iter 791: loss 0.0036, time 527.60ms, mfu 28.09%
iter 792: loss 0.0039, time 528.16ms, mfu 28.09%
iter 793: loss 0.0037, time 536.46ms, mfu 28.04%
iter 794: loss 0.0038, time 525.74ms, mfu 28.05%
iter 795: loss 0.0035, time 527.01ms, mfu 28.06%
iter 796: loss 0.0035, time 527.51ms, mfu 28.06%
iter 797: loss 0.0036, time 527.09ms, mfu 28.06%
iter 798: loss 0.0036, time 535.92ms, mfu 28.02%
iter 799: loss 0.0034, time 529.86ms, mfu 28.01%
step 800: train loss 0.0033, val loss 0.0033
iter 800: loss 0.0032, time 35877.41ms, mfu 25.25%
iter 801: loss 0.0033, time 519.60ms, mfu 25.58%
iter 802: loss 0.0036, time 520.29ms, mfu 25.87%
iter 803: loss 0.0034, time 524.87ms, mfu 26.10%
iter 804: loss 0.0034, time 524.20ms, mfu 26.32%
iter 805: loss 0.0033, time 526.56ms, mfu 26.50%
iter 806: loss 0.0032, time 528.95ms, mfu 26.65%
iter 807: loss 0.0034, time 520.94ms, mfu 26.83%
iter 808: loss 0.0034, time 523.24ms, mfu 26.98%
iter 809: loss 0.0034, time 527.09ms, mfu 27.09%
iter 810: loss 0.0036, time 525.76ms, mfu 27.20%
iter 811: loss 0.0034, time 528.32ms, mfu 27.28%
iter 812: loss 0.0035, time 526.31ms, mfu 27.37%
iter 813: loss 0.0032, time 526.75ms, mfu 27.44%
iter 814: loss 0.0032, time 527.68ms, mfu 27.51%
iter 815: loss 0.0032, time 521.65ms, mfu 27.60%
iter 816: loss 0.0032, time 525.67ms, mfu 27.65%
iter 817: loss 0.0033, time 522.27ms, mfu 27.72%
iter 818: loss 0.0035, time 531.89ms, mfu 27.74%
iter 819: loss 0.0032, time 528.94ms, mfu 27.76%
iter 820: loss 0.0031, time 531.05ms, mfu 27.78%
iter 821: loss 0.0032, time 522.22ms, mfu 27.84%
iter 822: loss 0.0031, time 523.91ms, mfu 27.88%
iter 823: loss 0.0030, time 525.74ms, mfu 27.91%
iter 824: loss 0.0033, time 525.32ms, mfu 27.94%
iter 825: loss 0.0032, time 524.56ms, mfu 27.97%
iter 826: loss 0.0032, time 523.66ms, mfu 28.00%
iter 827: loss 0.0040, time 526.40ms, mfu 28.01%
iter 828: loss 0.0032, time 525.59ms, mfu 28.03%
iter 829: loss 0.0035, time 527.94ms, mfu 28.03%
iter 830: loss 0.0037, time 528.54ms, mfu 28.03%
iter 831: loss 0.0042, time 525.96ms, mfu 28.05%
iter 832: loss 0.0044, time 533.20ms, mfu 28.02%
iter 833: loss 0.0049, time 524.61ms, mfu 28.04%
iter 834: loss 0.0053, time 522.25ms, mfu 28.07%
iter 835: loss 0.0045, time 525.91ms, mfu 28.08%
iter 836: loss 0.0121, time 520.56ms, mfu 28.12%
iter 837: loss 0.0063, time 521.32ms, mfu 28.15%
iter 838: loss 0.0723, time 523.84ms, mfu 28.16%
iter 839: loss 0.0215, time 527.99ms, mfu 28.15%
iter 840: loss 0.0229, time 525.92ms, mfu 28.15%
iter 841: loss 0.0247, time 530.53ms, mfu 28.13%
iter 842: loss 0.0156, time 527.59ms, mfu 28.12%
iter 843: loss 0.0210, time 524.45ms, mfu 28.14%
iter 844: loss 0.0151, time 528.96ms, mfu 28.12%
iter 845: loss 0.0140, time 528.79ms, mfu 28.11%
iter 846: loss 0.0132, time 528.33ms, mfu 28.10%
iter 847: loss 0.0124, time 527.49ms, mfu 28.10%
iter 848: loss 0.0118, time 531.32ms, mfu 28.08%
iter 849: loss 0.0119, time 529.18ms, mfu 28.07%
iter 850: loss 0.0099, time 528.12ms, mfu 28.07%
iter 851: loss 0.0094, time 526.74ms, mfu 28.07%
iter 852: loss 0.0087, time 524.15ms, mfu 28.09%
iter 853: loss 0.0077, time 526.82ms, mfu 28.10%
iter 854: loss 0.0085, time 524.40ms, mfu 28.11%
iter 855: loss 0.0082, time 523.60ms, mfu 28.13%
iter 856: loss 0.0076, time 528.35ms, mfu 28.12%
iter 857: loss 0.0073, time 525.67ms, mfu 28.12%
iter 858: loss 0.0069, time 529.19ms, mfu 28.11%
iter 859: loss 0.0060, time 528.30ms, mfu 28.10%
iter 860: loss 0.0061, time 527.22ms, mfu 28.10%
iter 861: loss 0.0065, time 528.07ms, mfu 28.10%
iter 862: loss 0.0060, time 521.15ms, mfu 28.13%
iter 863: loss 0.0065, time 525.05ms, mfu 28.14%
iter 864: loss 0.0070, time 526.42ms, mfu 28.14%
iter 865: loss 0.0061, time 533.28ms, mfu 28.10%
iter 866: loss 0.0054, time 522.74ms, mfu 28.13%
iter 867: loss 0.0052, time 524.86ms, mfu 28.14%
iter 868: loss 0.0056, time 526.30ms, mfu 28.14%
iter 869: loss 0.0056, time 522.76ms, mfu 28.16%
iter 870: loss 0.0054, time 527.04ms, mfu 28.15%
iter 871: loss 0.0066, time 526.08ms, mfu 28.15%
iter 872: loss 0.0056, time 521.21ms, mfu 28.18%
iter 873: loss 0.0057, time 523.91ms, mfu 28.19%
iter 874: loss 0.0056, time 529.32ms, mfu 28.17%
iter 875: loss 0.0052, time 524.47ms, mfu 28.18%
iter 876: loss 0.0053, time 526.56ms, mfu 28.17%
iter 877: loss 0.0052, time 523.32ms, mfu 28.18%
iter 878: loss 0.0052, time 529.28ms, mfu 28.16%
iter 879: loss 0.0050, time 523.89ms, mfu 28.18%
iter 880: loss 0.0050, time 525.72ms, mfu 28.18%
iter 881: loss 0.0056, time 523.19ms, mfu 28.19%
iter 882: loss 0.0046, time 524.19ms, mfu 28.20%
iter 883: loss 0.0054, time 520.83ms, mfu 28.22%
iter 884: loss 0.0054, time 524.94ms, mfu 28.22%
iter 885: loss 0.0045, time 517.39ms, mfu 28.26%
iter 886: loss 0.0043, time 526.53ms, mfu 28.25%
iter 887: loss 0.0042, time 526.15ms, mfu 28.24%
iter 888: loss 0.0043, time 525.08ms, mfu 28.24%
iter 889: loss 0.0038, time 522.84ms, mfu 28.25%
iter 890: loss 0.0041, time 526.44ms, mfu 28.23%
iter 891: loss 0.0037, time 529.73ms, mfu 28.21%
iter 892: loss 0.0040, time 525.92ms, mfu 28.20%
iter 893: loss 0.0044, time 526.58ms, mfu 28.20%
iter 894: loss 0.0036, time 526.30ms, mfu 28.19%
iter 895: loss 0.0037, time 525.15ms, mfu 28.19%
iter 896: loss 0.0045, time 523.07ms, mfu 28.21%
iter 897: loss 0.0043, time 520.04ms, mfu 28.23%
iter 898: loss 0.0041, time 523.43ms, mfu 28.24%
iter 899: loss 0.0043, time 522.52ms, mfu 28.25%
step 900: train loss 0.0045, val loss 0.0045
iter 900: loss 0.0049, time 35770.49ms, mfu 25.47%
iter 901: loss 0.0041, time 525.89ms, mfu 25.74%
iter 902: loss 0.0040, time 525.99ms, mfu 25.98%
iter 903: loss 0.0043, time 523.70ms, mfu 26.21%
iter 904: loss 0.0043, time 524.45ms, mfu 26.41%
iter 905: loss 0.0042, time 529.63ms, mfu 26.57%
iter 906: loss 0.0042, time 521.55ms, mfu 26.75%
iter 907: loss 0.0039, time 523.18ms, mfu 26.91%
iter 908: loss 0.0039, time 526.76ms, mfu 27.03%
iter 909: loss 0.0039, time 529.33ms, mfu 27.12%
iter 910: loss 0.0038, time 525.99ms, mfu 27.23%
iter 911: loss 0.0037, time 529.13ms, mfu 27.31%
iter 912: loss 0.0038, time 527.29ms, mfu 27.38%
iter 913: loss 0.0037, time 521.12ms, mfu 27.49%
iter 914: loss 0.0036, time 528.15ms, mfu 27.54%
iter 915: loss 0.0034, time 526.84ms, mfu 27.60%
iter 916: loss 0.0035, time 524.30ms, mfu 27.67%
iter 917: loss 0.0037, time 525.54ms, mfu 27.72%
iter 918: loss 0.0040, time 525.94ms, mfu 27.76%
iter 919: loss 0.0045, time 524.14ms, mfu 27.81%
iter 920: loss 0.0043, time 523.53ms, mfu 27.86%
iter 921: loss 0.0041, time 524.82ms, mfu 27.90%
iter 922: loss 0.0039, time 520.74ms, mfu 27.95%
iter 923: loss 0.0044, time 524.98ms, mfu 27.98%
iter 924: loss 0.0043, time 528.38ms, mfu 27.98%
iter 925: loss 0.0052, time 524.43ms, mfu 28.01%
iter 926: loss 0.0051, time 523.79ms, mfu 28.04%
iter 927: loss 0.0048, time 527.57ms, mfu 28.04%
iter 928: loss 0.0058, time 527.60ms, mfu 28.04%
iter 929: loss 0.0059, time 526.14ms, mfu 28.06%
iter 930: loss 0.0068, time 529.81ms, mfu 28.05%
iter 931: loss 0.0069, time 521.30ms, mfu 28.08%
iter 932: loss 0.0062, time 525.06ms, mfu 28.10%
iter 933: loss 0.0063, time 526.16ms, mfu 28.10%
iter 934: loss 0.0058, time 526.81ms, mfu 28.10%
iter 935: loss 0.0054, time 530.73ms, mfu 28.08%
iter 936: loss 0.0056, time 526.55ms, mfu 28.09%
iter 937: loss 0.0056, time 522.44ms, mfu 28.11%
iter 938: loss 0.0070, time 530.23ms, mfu 28.10%
iter 939: loss 0.0059, time 527.40ms, mfu 28.10%
iter 940: loss 0.0068, time 521.86ms, mfu 28.12%
iter 941: loss 0.0071, time 523.28ms, mfu 28.14%
iter 942: loss 0.0092, time 526.06ms, mfu 28.14%
iter 943: loss 0.0074, time 522.46ms, mfu 28.17%
iter 944: loss 0.0114, time 524.86ms, mfu 28.17%
iter 945: loss 0.0117, time 527.14ms, mfu 28.16%
iter 946: loss 0.0130, time 530.92ms, mfu 28.14%
iter 947: loss 0.0086, time 523.94ms, mfu 28.15%
iter 948: loss 0.0073, time 527.07ms, mfu 28.15%
iter 949: loss 0.0059, time 527.63ms, mfu 28.14%
iter 950: loss 0.0060, time 526.95ms, mfu 28.14%
iter 951: loss 0.0050, time 525.45ms, mfu 28.14%
iter 952: loss 0.0050, time 524.66ms, mfu 28.15%
iter 953: loss 0.0052, time 534.65ms, mfu 28.11%
iter 954: loss 0.0052, time 527.61ms, mfu 28.10%
iter 955: loss 0.0054, time 527.90ms, mfu 28.10%
iter 956: loss 0.0052, time 522.17ms, mfu 28.13%
iter 957: loss 0.0052, time 524.33ms, mfu 28.14%
iter 958: loss 0.0052, time 530.58ms, mfu 28.12%
iter 959: loss 0.0055, time 523.35ms, mfu 28.13%
iter 960: loss 0.0053, time 524.59ms, mfu 28.15%
iter 961: loss 0.0056, time 523.88ms, mfu 28.16%
iter 962: loss 0.0059, time 527.15ms, mfu 28.15%
iter 963: loss 0.0052, time 525.00ms, mfu 28.16%
iter 964: loss 0.0053, time 524.07ms, mfu 28.17%
iter 965: loss 0.0050, time 526.24ms, mfu 28.17%
iter 966: loss 0.0055, time 521.30ms, mfu 28.19%
iter 967: loss 0.0057, time 525.73ms, mfu 28.19%
iter 968: loss 0.0055, time 523.40ms, mfu 28.20%
iter 969: loss 0.0055, time 525.47ms, mfu 28.20%
iter 970: loss 0.0057, time 525.62ms, mfu 28.20%
iter 971: loss 0.0048, time 526.58ms, mfu 28.19%
iter 972: loss 0.0052, time 525.11ms, mfu 28.19%
iter 973: loss 0.0053, time 523.82ms, mfu 28.20%
iter 974: loss 0.0050, time 529.14ms, mfu 28.18%
iter 975: loss 0.0051, time 527.21ms, mfu 28.17%
iter 976: loss 0.0048, time 523.84ms, mfu 28.18%
iter 977: loss 0.0043, time 526.59ms, mfu 28.18%
iter 978: loss 0.0044, time 529.85ms, mfu 28.16%
iter 979: loss 0.0044, time 523.93ms, mfu 28.17%
iter 980: loss 0.0042, time 522.02ms, mfu 28.19%
iter 981: loss 0.0043, time 522.87ms, mfu 28.20%
iter 982: loss 0.0042, time 523.11ms, mfu 28.21%
iter 983: loss 0.0038, time 528.50ms, mfu 28.20%
iter 984: loss 0.0038, time 522.33ms, mfu 28.21%
iter 985: loss 0.0039, time 523.67ms, mfu 28.22%
iter 986: loss 0.0037, time 522.96ms, mfu 28.23%
iter 987: loss 0.0037, time 517.85ms, mfu 28.27%
iter 988: loss 0.0040, time 524.96ms, mfu 28.26%
iter 989: loss 0.0037, time 529.13ms, mfu 28.24%
iter 990: loss 0.0034, time 532.28ms, mfu 28.19%
iter 991: loss 0.0035, time 524.62ms, mfu 28.20%
iter 992: loss 0.0036, time 525.93ms, mfu 28.20%
iter 993: loss 0.0037, time 521.29ms, mfu 28.22%
iter 994: loss 0.0036, time 524.85ms, mfu 28.22%
iter 995: loss 0.0037, time 528.58ms, mfu 28.20%
iter 996: loss 0.0036, time 528.41ms, mfu 28.18%
iter 997: loss 0.0041, time 522.69ms, mfu 28.20%
iter 998: loss 0.0042, time 528.58ms, mfu 28.18%
iter 999: loss 0.0043, time 527.81ms, mfu 28.17%
step 1000: train loss 0.0046, val loss 0.0046
saving checkpoint to out/lr-1e-1
iter 1000: loss 0.0045, time 35020.52ms, mfu 25.39%
saving final checkpoint to out/lr-1e-1
